{
  "stats": {
    "suites": 1,
    "tests": 1,
    "passes": 0,
    "pending": 0,
    "failures": 1,
    "start": "2024-08-26T06:34:32.675Z",
    "end": "2024-08-26T06:35:05.662Z",
    "duration": 32987,
    "testsRegistered": 1,
    "passPercent": 0,
    "pendingPercent": 0,
    "other": 0,
    "hasOther": false,
    "skipped": 0,
    "hasSkipped": false
  },
  "results": [
    {
      "uuid": "c0a3658f-9422-4b9b-a74b-62feea618bf0",
      "title": "",
      "fullFile": "cypress\\e2e\\Tests\\DashboardPageTests\\DashBoardPageTests.cy.js",
      "file": "cypress\\e2e\\Tests\\DashboardPageTests\\DashBoardPageTests.cy.js",
      "beforeHooks": [],
      "afterHooks": [],
      "tests": [],
      "suites": [
        {
          "uuid": "402163be-ea59-44e8-ab64-a2b89ed7e4ef",
          "title": "Dashboard Page Test",
          "fullFile": "",
          "file": "",
          "beforeHooks": [],
          "afterHooks": [],
          "tests": [
            {
              "title": "should exist Error Logs title",
              "fullTitle": "Dashboard Page Test should exist Error Logs title",
              "timedOut": null,
              "duration": 32904,
              "state": "failed",
              "speed": null,
              "pass": false,
              "fail": true,
              "pending": false,
              "context": null,
              "code": "_DashboardPage.default.checkErrorLogs();",
              "err": {
                "message": "AssertionError: Timed out retrying after 30000ms: Expected to find element: `.css-gvoll6 > .MuiTypography-root`, but never found it.",
                "estack": "AssertionError: Timed out retrying after 30000ms: Expected to find element: `.css-gvoll6 > .MuiTypography-root`, but never found it.\n    at DashboardPage.checkErrorLogs (webpack://up_automation_collection_cypress/./cypress/e2e/Pages/DashboardPage/DashboardPage.js:3:18)\n    at Context.eval (webpack://up_automation_collection_cypress/./cypress/e2e/Tests/DashboardPageTests/DashBoardPageTests.cy.js:17:22)",
                "diff": null
              },
              "uuid": "79adcc28-7043-4f13-9264-0c61d4f347b8",
              "parentUUID": "402163be-ea59-44e8-ab64-a2b89ed7e4ef",
              "isHook": false,
              "skipped": false
            }
          ],
          "suites": [],
          "passes": [],
          "failures": [
            "79adcc28-7043-4f13-9264-0c61d4f347b8"
          ],
          "pending": [],
          "skipped": [],
          "duration": 32904,
          "root": false,
          "rootEmpty": false,
          "_timeout": 2000
        }
      ],
      "passes": [],
      "failures": [],
      "pending": [],
      "skipped": [],
      "duration": 0,
      "root": true,
      "rootEmpty": true,
      "_timeout": 2000
    }
  ],
  "meta": {
    "mocha": {
      "version": "7.0.1"
    },
    "mochawesome": {
      "options": {
        "quiet": true,
        "reportFilename": "[status]_[name]",
        "saveHtml": false,
        "saveJson": true,
        "consoleReporter": "spec",
        "useInlineDiffs": false,
        "code": true
      },
      "version": "7.1.3"
    },
    "marge": {
      "options": {
        "id": "default",
        "reportDir": "cypress/reports/jsonReports",
        "reportFilename": "[status]_[name]",
        "quiet": true,
        "overwrite": false,
        "html": false,
        "json": true
      },
      "version": "6.2.0"
    }
  }
}