{
  "stats": {
    "suites": 1,
    "tests": 1,
    "passes": 1,
    "pending": 0,
    "failures": 0,
    "start": "2024-08-26T06:38:21.621Z",
    "end": "2024-08-26T06:38:25.116Z",
    "duration": 3495,
    "testsRegistered": 1,
    "passPercent": 100,
    "pendingPercent": 0,
    "other": 0,
    "hasOther": false,
    "skipped": 0,
    "hasSkipped": false
  },
  "results": [
    {
      "uuid": "ad7129e5-2733-478e-8706-ab7d31d39b04",
      "title": "",
      "fullFile": "cypress\\e2e\\Tests\\UsersPageTests\\ApiUsersTests\\AddNewApiUserTests.cy.js",
      "file": "cypress\\e2e\\Tests\\UsersPageTests\\ApiUsersTests\\AddNewApiUserTests.cy.js",
      "beforeHooks": [],
      "afterHooks": [],
      "tests": [],
      "suites": [
        {
          "uuid": "fc1d534c-96bb-4ee2-b682-58c508e82e9e",
          "title": "Add new API user form Tests",
          "fullFile": "",
          "file": "",
          "beforeHooks": [],
          "afterHooks": [],
          "tests": [
            {
              "title": "should go to API users page",
              "fullTitle": "Add new API user form Tests should go to API users page",
              "timedOut": null,
              "duration": 3332,
              "state": "passed",
              "speed": "fast",
              "pass": true,
              "fail": false,
              "pending": false,
              "context": null,
              "code": "_ApiUsersPage.default.apiUsersBtn();\n_AddNewApiUser.default.assertNewApiUserBtn();",
              "err": {},
              "uuid": "ae3b41bd-c8e3-4ec4-9a03-0341d1d01942",
              "parentUUID": "fc1d534c-96bb-4ee2-b682-58c508e82e9e",
              "isHook": false,
              "skipped": false
            }
          ],
          "suites": [],
          "passes": [
            "ae3b41bd-c8e3-4ec4-9a03-0341d1d01942"
          ],
          "failures": [],
          "pending": [],
          "skipped": [],
          "duration": 3332,
          "root": false,
          "rootEmpty": false,
          "_timeout": 2000
        }
      ],
      "passes": [],
      "failures": [],
      "pending": [],
      "skipped": [],
      "duration": 0,
      "root": true,
      "rootEmpty": true,
      "_timeout": 2000
    }
  ],
  "meta": {
    "mocha": {
      "version": "7.0.1"
    },
    "mochawesome": {
      "options": {
        "quiet": true,
        "reportFilename": "[status]_[name]",
        "saveHtml": false,
        "saveJson": true,
        "consoleReporter": "spec",
        "useInlineDiffs": false,
        "code": true
      },
      "version": "7.1.3"
    },
    "marge": {
      "options": {
        "id": "default",
        "reportDir": "cypress/reports/jsonReports",
        "reportFilename": "[status]_[name]",
        "quiet": true,
        "overwrite": false,
        "html": false,
        "json": true
      },
      "version": "6.2.0"
    }
  }
}