{
  "stats": {
    "suites": 1,
    "tests": 1,
    "passes": 1,
    "pending": 0,
    "failures": 0,
    "start": "2024-08-26T06:38:38.522Z",
    "end": "2024-08-26T06:38:41.784Z",
    "duration": 3262,
    "testsRegistered": 1,
    "passPercent": 100,
    "pendingPercent": 0,
    "other": 0,
    "hasOther": false,
    "skipped": 0,
    "hasSkipped": false
  },
  "results": [
    {
      "uuid": "5929878d-8d02-4ec0-b9eb-00e1ba9c2960",
      "title": "",
      "fullFile": "cypress\\e2e\\Tests\\UsersPageTests\\SuperAdminsTests\\SuperAdminsPageTests.cy.js",
      "file": "cypress\\e2e\\Tests\\UsersPageTests\\SuperAdminsTests\\SuperAdminsPageTests.cy.js",
      "beforeHooks": [],
      "afterHooks": [],
      "tests": [],
      "suites": [
        {
          "uuid": "f92efc3a-b400-436e-96d8-f0914ded3b27",
          "title": "Superadmins Page Tests",
          "fullFile": "",
          "file": "",
          "beforeHooks": [],
          "afterHooks": [],
          "tests": [
            {
              "title": "should go to superadmins page and check +Add new superadmin button",
              "fullTitle": "Superadmins Page Tests should go to superadmins page and check +Add new superadmin button",
              "timedOut": null,
              "duration": 3198,
              "state": "passed",
              "speed": "fast",
              "pass": true,
              "fail": false,
              "pending": false,
              "context": null,
              "code": "_SuperAdminsPage.default.superAdminsBtn();\n_AddNewSuperAdmin.default.assertAddNewSuperAdminBtn();",
              "err": {},
              "uuid": "ed8d5bdb-627b-48ea-afd2-d3d41b1c8c3d",
              "parentUUID": "f92efc3a-b400-436e-96d8-f0914ded3b27",
              "isHook": false,
              "skipped": false
            }
          ],
          "suites": [],
          "passes": [
            "ed8d5bdb-627b-48ea-afd2-d3d41b1c8c3d"
          ],
          "failures": [],
          "pending": [],
          "skipped": [],
          "duration": 3198,
          "root": false,
          "rootEmpty": false,
          "_timeout": 2000
        }
      ],
      "passes": [],
      "failures": [],
      "pending": [],
      "skipped": [],
      "duration": 0,
      "root": true,
      "rootEmpty": true,
      "_timeout": 2000
    }
  ],
  "meta": {
    "mocha": {
      "version": "7.0.1"
    },
    "mochawesome": {
      "options": {
        "quiet": true,
        "reportFilename": "[status]_[name]",
        "saveHtml": false,
        "saveJson": true,
        "consoleReporter": "spec",
        "useInlineDiffs": false,
        "code": true
      },
      "version": "7.1.3"
    },
    "marge": {
      "options": {
        "id": "default",
        "reportDir": "cypress/reports/jsonReports",
        "reportFilename": "[status]_[name]",
        "quiet": true,
        "overwrite": false,
        "html": false,
        "json": true
      },
      "version": "6.2.0"
    }
  }
}