{
  "stats": {
    "suites": 1,
    "tests": 11,
    "passes": 11,
    "pending": 0,
    "failures": 0,
    "start": "2024-08-26T06:35:18.371Z",
    "end": "2024-08-26T06:36:57.860Z",
    "duration": 99489,
    "testsRegistered": 11,
    "passPercent": 100,
    "pendingPercent": 0,
    "other": 0,
    "hasOther": false,
    "skipped": 0,
    "hasSkipped": false
  },
  "results": [
    {
      "uuid": "5b413ecc-9d87-48b3-8079-da175b36adf9",
      "title": "",
      "fullFile": "cypress\\e2e\\Tests\\EmployeesPageTests\\AddNewEmployeeTest.cy.js",
      "file": "cypress\\e2e\\Tests\\EmployeesPageTests\\AddNewEmployeeTest.cy.js",
      "beforeHooks": [],
      "afterHooks": [],
      "tests": [],
      "suites": [
        {
          "uuid": "4b327aeb-c60a-4008-843d-e20956aeb442",
          "title": "Add new employee form tests",
          "fullFile": "",
          "file": "",
          "beforeHooks": [],
          "afterHooks": [],
          "tests": [
            {
              "title": "should move between sections information from add new employee form",
              "fullTitle": "Add new employee form tests should move between sections information from add new employee form",
              "timedOut": null,
              "duration": 6518,
              "state": "passed",
              "speed": "medium",
              "pass": true,
              "fail": false,
              "pending": false,
              "context": null,
              "code": "_AddNewEmployee.default.moveBetweenSectionInformation();",
              "err": {},
              "uuid": "9e64ddde-d762-4f1a-9d68-4d9803aa6873",
              "parentUUID": "4b327aeb-c60a-4008-843d-e20956aeb442",
              "isHook": false,
              "skipped": false
            },
            {
              "title": "should fill out the Personal info and cancel",
              "fullTitle": "Add new employee form tests should fill out the Personal info and cancel",
              "timedOut": null,
              "duration": 9222,
              "state": "passed",
              "speed": "medium",
              "pass": true,
              "fail": false,
              "pending": false,
              "context": null,
              "code": "_AddNewEmployee.default.completePersonalInfo(_employeeConstants.PERSONAL_INFO.FIRST_NAME, _employeeConstants.PERSONAL_INFO.LAST_NAME, _employeeConstants.PERSONAL_INFO.SEX, _employeeConstants.PERSONAL_INFO.INSZ, _employeeConstants.PERSONAL_INFO.DATE_OF_BIRTH, _employeeConstants.PERSONAL_INFO.BIRTHPLACE, _employeeConstants.PERSONAL_INFO.BIRTH_COUNTRY, _employeeConstants.PERSONAL_INFO.NATIONALITY, _employeeConstants.PERSONAL_INFO.LANGUAGE, _employeeConstants.MARITAL_STATUS.MARRIED);",
              "err": {},
              "uuid": "fdaa1720-6617-4267-bf79-2c346eb29449",
              "parentUUID": "4b327aeb-c60a-4008-843d-e20956aeb442",
              "isHook": false,
              "skipped": false
            },
            {
              "title": "should fill out the Dependants and cancel",
              "fullTitle": "Add new employee form tests should fill out the Dependants and cancel",
              "timedOut": null,
              "duration": 6988,
              "state": "passed",
              "speed": "medium",
              "pass": true,
              "fail": false,
              "pending": false,
              "context": null,
              "code": "_AddNewEmployee.default.completeDependants(_employeeConstants.PERSONAL_INFO.CHILDREN, _employeeConstants.PERSONAL_INFO.DISABLED_CHILDREN, _employeeConstants.PERSONAL_INFO.ELDERLY);",
              "err": {},
              "uuid": "598c4d16-d12c-43b1-be8f-157c47e14631",
              "parentUUID": "4b327aeb-c60a-4008-843d-e20956aeb442",
              "isHook": false,
              "skipped": false
            },
            {
              "title": "should fill out the  Contact Info and cancel",
              "fullTitle": "Add new employee form tests should fill out the  Contact Info and cancel",
              "timedOut": null,
              "duration": 8214,
              "state": "passed",
              "speed": "medium",
              "pass": true,
              "fail": false,
              "pending": false,
              "context": null,
              "code": "_AddNewEmployee.default.completeContactInfo(_employeeConstants.CONTACT_INFO.MOBILE_NUMBER, _employeeConstants.CONTACT_INFO.EMAIL_ADDRESS, _employeeConstants.CONTACT_INFO.ICE_MOBILE_NUMBER, _employeeConstants.CONTACT_INFO.STREET_NAME, _employeeConstants.CONTACT_INFO.NUMBER, _employeeConstants.CONTACT_INFO.BUS_NUMBER, _employeeConstants.CONTACT_INFO.CITY, _employeeConstants.CONTACT_INFO.POSTAL_CODE, _employeeConstants.CONTACT_INFO.COUNTRY_RESIDENCE);",
              "err": {},
              "uuid": "dda396e9-1901-46e9-912d-b6b01af7f196",
              "parentUUID": "4b327aeb-c60a-4008-843d-e20956aeb442",
              "isHook": false,
              "skipped": false
            },
            {
              "title": "should fill out the Stay Adress and cancel",
              "fullTitle": "Add new employee form tests should fill out the Stay Adress and cancel",
              "timedOut": null,
              "duration": 7312,
              "state": "passed",
              "speed": "medium",
              "pass": true,
              "fail": false,
              "pending": false,
              "context": null,
              "code": "_AddNewEmployee.default.completeStayAddress(_employeeConstants.CONTACT_INFO.STAY_STREET, _employeeConstants.CONTACT_INFO.STAY_NUMBER, _employeeConstants.CONTACT_INFO.STAY_BUS, _employeeConstants.CONTACT_INFO.STAY_CITY, _employeeConstants.CONTACT_INFO.STAY_POSTAL_CODE, _employeeConstants.CONTACT_INFO.STAY_COUNTRY);",
              "err": {},
              "uuid": "006085ab-d36c-411d-92b8-e2250d59e2cb",
              "parentUUID": "4b327aeb-c60a-4008-843d-e20956aeb442",
              "isHook": false,
              "skipped": false
            },
            {
              "title": "should fill out the Working Info and cancel",
              "fullTitle": "Add new employee form tests should fill out the Working Info and cancel",
              "timedOut": null,
              "duration": 6876,
              "state": "passed",
              "speed": "medium",
              "pass": true,
              "fail": false,
              "pending": false,
              "context": null,
              "code": "_AddNewEmployee.default.completeWorkingInfo(_employeeConstants.WORKING_INFO.WORKER_CLASS, _employeeConstants.WORKING_INFO.REASON_OF_EMPLOYMENT, _employeeConstants.WORKING_INFO.IBAN, _employeeConstants.WORKING_INFO.BIC, _employeeConstants.WORKING_INFO.MODEL_OF_TRANSPORT, _employeeConstants.WORKING_INFO.YEARS_OF_EXPERIENCE);",
              "err": {},
              "uuid": "6e4c6ad3-9963-4f9e-9428-42bc382f8bb9",
              "parentUUID": "4b327aeb-c60a-4008-843d-e20956aeb442",
              "isHook": false,
              "skipped": false
            },
            {
              "title": "should fill out the  Permanent employee and cancel",
              "fullTitle": "Add new employee form tests should fill out the  Permanent employee and cancel",
              "timedOut": null,
              "duration": 7495,
              "state": "passed",
              "speed": "medium",
              "pass": true,
              "fail": false,
              "pending": false,
              "context": null,
              "code": "_AddNewEmployee.default.completePermanentEmployee(_employeeConstants.WORKING_INFO.MODEL_OF_TRANSPORT, _employeeConstants.WORKING_INFO.YEARS_OF_EXPERIENCE, _employeeConstants.WORKING_INFO.START_DATE, _employeeConstants.WORKING_INFO.IBAN, _employeeConstants.WORKING_INFO.COMPANY_BRANCH);",
              "err": {},
              "uuid": "3b26e255-efc0-46e1-89b7-38e95eee9ca1",
              "parentUUID": "4b327aeb-c60a-4008-843d-e20956aeb442",
              "isHook": false,
              "skipped": false
            },
            {
              "title": "should fill out the Account and cancel",
              "fullTitle": "Add new employee form tests should fill out the Account and cancel",
              "timedOut": null,
              "duration": 8192,
              "state": "passed",
              "speed": "medium",
              "pass": true,
              "fail": false,
              "pending": false,
              "context": null,
              "code": "_AddNewEmployee.default.completeAccount(_employeeConstants.ACCOUNT.ID_CARD_NUMBER, _employeeConstants.ACCOUNT.EXPIRATION_DATE, _employeeConstants.ACCOUNT.PASSWORD);",
              "err": {},
              "uuid": "f0eb11f8-7030-45bf-9198-f4dd6441a8bd",
              "parentUUID": "4b327aeb-c60a-4008-843d-e20956aeb442",
              "isHook": false,
              "skipped": false
            },
            {
              "title": "should check GDPR and cancel",
              "fullTitle": "Add new employee form tests should check GDPR and cancel",
              "timedOut": null,
              "duration": 5118,
              "state": "passed",
              "speed": "medium",
              "pass": true,
              "fail": false,
              "pending": false,
              "context": null,
              "code": "_AddNewEmployee.default.gdprToogle();",
              "err": {},
              "uuid": "93545057-bf39-4b60-9f43-a84727af1a89",
              "parentUUID": "4b327aeb-c60a-4008-843d-e20956aeb442",
              "isHook": false,
              "skipped": false
            },
            {
              "title": "should set inactive employee and cancel",
              "fullTitle": "Add new employee form tests should set inactive employee and cancel",
              "timedOut": null,
              "duration": 4716,
              "state": "passed",
              "speed": "fast",
              "pass": true,
              "fail": false,
              "pending": false,
              "context": null,
              "code": "_AddNewEmployee.default.setInactiveEmployee();",
              "err": {},
              "uuid": "fb654aac-272d-464b-9e2b-9ade6219b505",
              "parentUUID": "4b327aeb-c60a-4008-843d-e20956aeb442",
              "isHook": false,
              "skipped": false
            },
            {
              "title": "should fill out Add new employee form and cancel",
              "fullTitle": "Add new employee form tests should fill out Add new employee form and cancel",
              "timedOut": null,
              "duration": 24750,
              "state": "passed",
              "speed": "slow",
              "pass": true,
              "fail": false,
              "pending": false,
              "context": null,
              "code": "// Fill out the Personal info\n_AddNewEmployee.default.completePersonalInfo(_employeeConstants.PERSONAL_INFO.FIRST_NAME, _employeeConstants.PERSONAL_INFO.LAST_NAME, _employeeConstants.PERSONAL_INFO.SEX, _employeeConstants.PERSONAL_INFO.INSZ, _employeeConstants.PERSONAL_INFO.DATE_OF_BIRTH, _employeeConstants.PERSONAL_INFO.BIRTHPLACE, _employeeConstants.PERSONAL_INFO.BIRTH_COUNTRY, _employeeConstants.PERSONAL_INFO.NATIONALITY, _employeeConstants.PERSONAL_INFO.LANGUAGE, _employeeConstants.MARITAL_STATUS.MARRIED);\n// Fill out the Dependants\n_AddNewEmployee.default.completeDependants(_employeeConstants.PERSONAL_INFO.CHILDREN, _employeeConstants.PERSONAL_INFO.DISABLED_CHILDREN, _employeeConstants.PERSONAL_INFO.ELDERLY);\n// Fill out the Contact Info\n_AddNewEmployee.default.completeContactInfo(_employeeConstants.CONTACT_INFO.MOBILE_NUMBER, _employeeConstants.CONTACT_INFO.EMAIL_ADDRESS, _employeeConstants.CONTACT_INFO.ICE_MOBILE_NUMBER, _employeeConstants.CONTACT_INFO.STREET_NAME, _employeeConstants.CONTACT_INFO.NUMBER, _employeeConstants.CONTACT_INFO.BUS_NUMBER, _employeeConstants.CONTACT_INFO.CITY, _employeeConstants.CONTACT_INFO.POSTAL_CODE, _employeeConstants.CONTACT_INFO.COUNTRY_RESIDENCE);\n// Fill out the Stay Adress\n_AddNewEmployee.default.completeStayAddress(_employeeConstants.CONTACT_INFO.STAY_STREET, _employeeConstants.CONTACT_INFO.STAY_NUMBER, _employeeConstants.CONTACT_INFO.STAY_BUS, _employeeConstants.CONTACT_INFO.STAY_CITY, _employeeConstants.CONTACT_INFO.STAY_POSTAL_CODE, _employeeConstants.CONTACT_INFO.STAY_COUNTRY);\n// Fill out the Working Info\n_AddNewEmployee.default.completeWorkingInfo(_employeeConstants.WORKING_INFO.WORKER_CLASS, _employeeConstants.WORKING_INFO.REASON_OF_EMPLOYMENT, _employeeConstants.WORKING_INFO.IBAN, _employeeConstants.WORKING_INFO.BIC, _employeeConstants.WORKING_INFO.MODEL_OF_TRANSPORT, _employeeConstants.WORKING_INFO.YEARS_OF_EXPERIENCE);\n// Fill out the Permanent employee\n_AddNewEmployee.default.completePermanentEmployee(_employeeConstants.WORKING_INFO.MODEL_OF_TRANSPORT, _employeeConstants.WORKING_INFO.YEARS_OF_EXPERIENCE, _employeeConstants.WORKING_INFO.START_DATE, _employeeConstants.WORKING_INFO.IBAN, _employeeConstants.WORKING_INFO.COMPANY_BRANCH);\n// Fill out the Account employee\n_AddNewEmployee.default.completeAccount(_employeeConstants.ACCOUNT.ID_CARD_NUMBER, _employeeConstants.ACCOUNT.EXPIRATION_DATE, _employeeConstants.ACCOUNT.PASSWORD);\n// Check inactive employee, checkbox\n_AddNewEmployee.default.setInactiveEmployee();\n// Agree GDPR\n_AddNewEmployee.default.gdprToogle();\n// Submit the form\n// AddNewEmployee.saveAndSubmitForm();\n// Cancel the form\n//AddNewEmployee.cancelForm();",
              "err": {},
              "uuid": "daf8b9c7-69b1-4809-93cf-198f1ea2ed69",
              "parentUUID": "4b327aeb-c60a-4008-843d-e20956aeb442",
              "isHook": false,
              "skipped": false
            }
          ],
          "suites": [],
          "passes": [
            "9e64ddde-d762-4f1a-9d68-4d9803aa6873",
            "fdaa1720-6617-4267-bf79-2c346eb29449",
            "598c4d16-d12c-43b1-be8f-157c47e14631",
            "dda396e9-1901-46e9-912d-b6b01af7f196",
            "006085ab-d36c-411d-92b8-e2250d59e2cb",
            "6e4c6ad3-9963-4f9e-9428-42bc382f8bb9",
            "3b26e255-efc0-46e1-89b7-38e95eee9ca1",
            "f0eb11f8-7030-45bf-9198-f4dd6441a8bd",
            "93545057-bf39-4b60-9f43-a84727af1a89",
            "fb654aac-272d-464b-9e2b-9ade6219b505",
            "daf8b9c7-69b1-4809-93cf-198f1ea2ed69"
          ],
          "failures": [],
          "pending": [],
          "skipped": [],
          "duration": 95401,
          "root": false,
          "rootEmpty": false,
          "_timeout": 2000
        }
      ],
      "passes": [],
      "failures": [],
      "pending": [],
      "skipped": [],
      "duration": 0,
      "root": true,
      "rootEmpty": true,
      "_timeout": 2000
    }
  ],
  "meta": {
    "mocha": {
      "version": "7.0.1"
    },
    "mochawesome": {
      "options": {
        "quiet": true,
        "reportFilename": "[status]_[name]",
        "saveHtml": false,
        "saveJson": true,
        "consoleReporter": "spec",
        "useInlineDiffs": false,
        "code": true
      },
      "version": "7.1.3"
    },
    "marge": {
      "options": {
        "id": "default",
        "reportDir": "cypress/reports/jsonReports",
        "reportFilename": "[status]_[name]",
        "quiet": true,
        "overwrite": false,
        "html": false,
        "json": true
      },
      "version": "6.2.0"
    }
  }
}