{
  "stats": {
    "suites": 1,
    "tests": 8,
    "passes": 8,
    "pending": 0,
    "failures": 0,
    "start": "2024-08-26T06:37:44.806Z",
    "end": "2024-08-26T06:38:03.269Z",
    "duration": 18463,
    "testsRegistered": 8,
    "passPercent": 100,
    "pendingPercent": 0,
    "other": 0,
    "hasOther": false,
    "skipped": 0,
    "hasSkipped": false
  },
  "results": [
    {
      "uuid": "36d67119-ee30-44cc-9549-21933ef779c6",
      "title": "",
      "fullFile": "cypress\\e2e\\Tests\\SideMenuTests\\SideMenuTests.cy.js",
      "file": "cypress\\e2e\\Tests\\SideMenuTests\\SideMenuTests.cy.js",
      "beforeHooks": [],
      "afterHooks": [],
      "tests": [],
      "suites": [
        {
          "uuid": "7826cb14-2d58-4a9a-8fb2-4d94745d3651",
          "title": "Side menu Tests",
          "fullFile": "",
          "file": "",
          "beforeHooks": [],
          "afterHooks": [],
          "tests": [
            {
              "title": "should open Dashboard page from SideMenu",
              "fullTitle": "Side menu Tests should open Dashboard page from SideMenu",
              "timedOut": null,
              "duration": 2806,
              "state": "passed",
              "speed": "fast",
              "pass": true,
              "fail": false,
              "pending": false,
              "context": null,
              "code": "_SideMenu.default.openDashboardSection();",
              "err": {},
              "uuid": "95918ffb-e485-46d4-9255-407657aebb00",
              "parentUUID": "7826cb14-2d58-4a9a-8fb2-4d94745d3651",
              "isHook": false,
              "skipped": false
            },
            {
              "title": "should open Companies page from SideMenu",
              "fullTitle": "Side menu Tests should open Companies page from SideMenu",
              "timedOut": null,
              "duration": 2226,
              "state": "passed",
              "speed": "fast",
              "pass": true,
              "fail": false,
              "pending": false,
              "context": null,
              "code": "_SideMenu.default.openCompaniesSection();",
              "err": {},
              "uuid": "f23536ce-e58a-4249-818c-f71c6aad1f05",
              "parentUUID": "7826cb14-2d58-4a9a-8fb2-4d94745d3651",
              "isHook": false,
              "skipped": false
            },
            {
              "title": "should open Contracts page from SideMenu",
              "fullTitle": "Side menu Tests should open Contracts page from SideMenu",
              "timedOut": null,
              "duration": 2263,
              "state": "passed",
              "speed": "fast",
              "pass": true,
              "fail": false,
              "pending": false,
              "context": null,
              "code": "_SideMenu.default.openContractsSection();",
              "err": {},
              "uuid": "18dbc03f-fb54-4d73-a484-86d2438f5692",
              "parentUUID": "7826cb14-2d58-4a9a-8fb2-4d94745d3651",
              "isHook": false,
              "skipped": false
            },
            {
              "title": "should open Employee page from SideMenu",
              "fullTitle": "Side menu Tests should open Employee page from SideMenu",
              "timedOut": null,
              "duration": 2236,
              "state": "passed",
              "speed": "fast",
              "pass": true,
              "fail": false,
              "pending": false,
              "context": null,
              "code": "_SideMenu.default.openEmployeesSection();",
              "err": {},
              "uuid": "2780198b-3267-4017-90c1-d68a08afa74c",
              "parentUUID": "7826cb14-2d58-4a9a-8fb2-4d94745d3651",
              "isHook": false,
              "skipped": false
            },
            {
              "title": "should open Docs page from SideMenu",
              "fullTitle": "Side menu Tests should open Docs page from SideMenu",
              "timedOut": null,
              "duration": 2106,
              "state": "passed",
              "speed": "fast",
              "pass": true,
              "fail": false,
              "pending": false,
              "context": null,
              "code": "_SideMenu.default.openDocsSection();",
              "err": {},
              "uuid": "54688bdd-369d-416a-bbb2-37cb4858ccf4",
              "parentUUID": "7826cb14-2d58-4a9a-8fb2-4d94745d3651",
              "isHook": false,
              "skipped": false
            },
            {
              "title": "should open Payroll Settings page from SideMenu",
              "fullTitle": "Side menu Tests should open Payroll Settings page from SideMenu",
              "timedOut": null,
              "duration": 2116,
              "state": "passed",
              "speed": "fast",
              "pass": true,
              "fail": false,
              "pending": false,
              "context": null,
              "code": "_SideMenu.default.openPayrollSettingsSection();",
              "err": {},
              "uuid": "03226536-6caf-4bf6-a356-0b6af977f054",
              "parentUUID": "7826cb14-2d58-4a9a-8fb2-4d94745d3651",
              "isHook": false,
              "skipped": false
            },
            {
              "title": "should open Users page from SideMenu",
              "fullTitle": "Side menu Tests should open Users page from SideMenu",
              "timedOut": null,
              "duration": 2285,
              "state": "passed",
              "speed": "fast",
              "pass": true,
              "fail": false,
              "pending": false,
              "context": null,
              "code": "_SideMenu.default.openUsersSection();",
              "err": {},
              "uuid": "54194f3d-310d-4875-a7ef-28df4b8518ed",
              "parentUUID": "7826cb14-2d58-4a9a-8fb2-4d94745d3651",
              "isHook": false,
              "skipped": false
            },
            {
              "title": "should open Blogs page from SideMenu",
              "fullTitle": "Side menu Tests should open Blogs page from SideMenu",
              "timedOut": null,
              "duration": 2112,
              "state": "passed",
              "speed": "fast",
              "pass": true,
              "fail": false,
              "pending": false,
              "context": null,
              "code": "_SideMenu.default.openBlogsSection();",
              "err": {},
              "uuid": "38d0fd4b-756c-47a5-bdcc-af6630d11161",
              "parentUUID": "7826cb14-2d58-4a9a-8fb2-4d94745d3651",
              "isHook": false,
              "skipped": false
            }
          ],
          "suites": [],
          "passes": [
            "95918ffb-e485-46d4-9255-407657aebb00",
            "f23536ce-e58a-4249-818c-f71c6aad1f05",
            "18dbc03f-fb54-4d73-a484-86d2438f5692",
            "2780198b-3267-4017-90c1-d68a08afa74c",
            "54688bdd-369d-416a-bbb2-37cb4858ccf4",
            "03226536-6caf-4bf6-a356-0b6af977f054",
            "54194f3d-310d-4875-a7ef-28df4b8518ed",
            "38d0fd4b-756c-47a5-bdcc-af6630d11161"
          ],
          "failures": [],
          "pending": [],
          "skipped": [],
          "duration": 18150,
          "root": false,
          "rootEmpty": false,
          "_timeout": 2000
        }
      ],
      "passes": [],
      "failures": [],
      "pending": [],
      "skipped": [],
      "duration": 0,
      "root": true,
      "rootEmpty": true,
      "_timeout": 2000
    }
  ],
  "meta": {
    "mocha": {
      "version": "7.0.1"
    },
    "mochawesome": {
      "options": {
        "quiet": true,
        "reportFilename": "[status]_[name]",
        "saveHtml": false,
        "saveJson": true,
        "consoleReporter": "spec",
        "useInlineDiffs": false,
        "code": true
      },
      "version": "7.1.3"
    },
    "marge": {
      "options": {
        "id": "default",
        "reportDir": "cypress/reports/jsonReports",
        "reportFilename": "[status]_[name]",
        "quiet": true,
        "overwrite": false,
        "html": false,
        "json": true
      },
      "version": "6.2.0"
    }
  }
}