{
  "stats": {
    "suites": 1,
    "tests": 1,
    "passes": 1,
    "pending": 0,
    "failures": 0,
    "start": "2024-08-26T06:35:08.040Z",
    "end": "2024-08-26T06:35:11.213Z",
    "duration": 3173,
    "testsRegistered": 1,
    "passPercent": 100,
    "pendingPercent": 0,
    "other": 0,
    "hasOther": false,
    "skipped": 0,
    "hasSkipped": false
  },
  "results": [
    {
      "uuid": "e462589f-add2-4df3-912a-90605d4bf890",
      "title": "",
      "fullFile": "cypress\\e2e\\Tests\\DocsPageTests\\AddNewDocument.cy.js",
      "file": "cypress\\e2e\\Tests\\DocsPageTests\\AddNewDocument.cy.js",
      "beforeHooks": [],
      "afterHooks": [],
      "tests": [],
      "suites": [
        {
          "uuid": "757e9684-7e9b-4dd0-956f-c0be6f5a0f4f",
          "title": "Add new document form Test",
          "fullFile": "",
          "file": "",
          "beforeHooks": [],
          "afterHooks": [],
          "tests": [
            {
              "title": "should can see add document button",
              "fullTitle": "Add new document form Test should can see add document button",
              "timedOut": null,
              "duration": 3120,
              "state": "passed",
              "speed": "fast",
              "pass": true,
              "fail": false,
              "pending": false,
              "context": null,
              "code": "_AddNewDocument.default.addNewDocumentBtn();",
              "err": {},
              "uuid": "a909501f-dd6f-4b9a-9a1b-f9f229b5223e",
              "parentUUID": "757e9684-7e9b-4dd0-956f-c0be6f5a0f4f",
              "isHook": false,
              "skipped": false
            }
          ],
          "suites": [],
          "passes": [
            "a909501f-dd6f-4b9a-9a1b-f9f229b5223e"
          ],
          "failures": [],
          "pending": [],
          "skipped": [],
          "duration": 3120,
          "root": false,
          "rootEmpty": false,
          "_timeout": 2000
        }
      ],
      "passes": [],
      "failures": [],
      "pending": [],
      "skipped": [],
      "duration": 0,
      "root": true,
      "rootEmpty": true,
      "_timeout": 2000
    }
  ],
  "meta": {
    "mocha": {
      "version": "7.0.1"
    },
    "mochawesome": {
      "options": {
        "quiet": true,
        "reportFilename": "[status]_[name]",
        "saveHtml": false,
        "saveJson": true,
        "consoleReporter": "spec",
        "useInlineDiffs": false,
        "code": true
      },
      "version": "7.1.3"
    },
    "marge": {
      "options": {
        "id": "default",
        "reportDir": "cypress/reports/jsonReports",
        "reportFilename": "[status]_[name]",
        "quiet": true,
        "overwrite": false,
        "html": false,
        "json": true
      },
      "version": "6.2.0"
    }
  }
}