{
  "stats": {
    "suites": 1,
    "tests": 1,
    "passes": 1,
    "pending": 0,
    "failures": 0,
    "start": "2024-08-26T06:37:39.517Z",
    "end": "2024-08-26T06:37:42.918Z",
    "duration": 3401,
    "testsRegistered": 1,
    "passPercent": 100,
    "pendingPercent": 0,
    "other": 0,
    "hasOther": false,
    "skipped": 0,
    "hasSkipped": false
  },
  "results": [
    {
      "uuid": "d0247852-292e-480b-9377-fc5ab267b46c",
      "title": "",
      "fullFile": "cypress\\e2e\\Tests\\PayrollSettingsPageTests\\PayrollSettingsPageTests.cy.js",
      "file": "cypress\\e2e\\Tests\\PayrollSettingsPageTests\\PayrollSettingsPageTests.cy.js",
      "beforeHooks": [],
      "afterHooks": [],
      "tests": [],
      "suites": [
        {
          "uuid": "6e2444c7-8b36-4fbe-8cbc-29528b534098",
          "title": "Payroll Settings Page Test",
          "fullFile": "",
          "file": "",
          "beforeHooks": [],
          "afterHooks": [],
          "tests": [
            {
              "title": "should be visible Add new paritair comite button",
              "fullTitle": "Payroll Settings Page Test should be visible Add new paritair comite button",
              "timedOut": null,
              "duration": 3343,
              "state": "passed",
              "speed": "fast",
              "pass": true,
              "fail": false,
              "pending": false,
              "context": null,
              "code": "_ParitairComitePage.default.addNewParitairComiteBtn();",
              "err": {},
              "uuid": "a9e081a8-f7ee-47d3-b10b-9ca36cf0d21a",
              "parentUUID": "6e2444c7-8b36-4fbe-8cbc-29528b534098",
              "isHook": false,
              "skipped": false
            }
          ],
          "suites": [],
          "passes": [
            "a9e081a8-f7ee-47d3-b10b-9ca36cf0d21a"
          ],
          "failures": [],
          "pending": [],
          "skipped": [],
          "duration": 3343,
          "root": false,
          "rootEmpty": false,
          "_timeout": 2000
        }
      ],
      "passes": [],
      "failures": [],
      "pending": [],
      "skipped": [],
      "duration": 0,
      "root": true,
      "rootEmpty": true,
      "_timeout": 2000
    }
  ],
  "meta": {
    "mocha": {
      "version": "7.0.1"
    },
    "mochawesome": {
      "options": {
        "quiet": true,
        "reportFilename": "[status]_[name]",
        "saveHtml": false,
        "saveJson": true,
        "consoleReporter": "spec",
        "useInlineDiffs": false,
        "code": true
      },
      "version": "7.1.3"
    },
    "marge": {
      "options": {
        "id": "default",
        "reportDir": "cypress/reports/jsonReports",
        "reportFilename": "[status]_[name]",
        "quiet": true,
        "overwrite": false,
        "html": false,
        "json": true
      },
      "version": "6.2.0"
    }
  }
}