{
  "stats": {
    "suites": 1,
    "tests": 1,
    "passes": 1,
    "pending": 0,
    "failures": 0,
    "start": "2024-08-26T06:38:43.536Z",
    "end": "2024-08-26T06:38:48.058Z",
    "duration": 4522,
    "testsRegistered": 1,
    "passPercent": 100,
    "pendingPercent": 0,
    "other": 0,
    "hasOther": false,
    "skipped": 0,
    "hasSkipped": false
  },
  "results": [
    {
      "uuid": "69ace0a7-97be-4b3b-b1fa-e612a7fd0ca4",
      "title": "",
      "fullFile": "cypress\\e2e\\Tests\\PayrollSettingsPageTests\\WageComponentsTests\\CostsDeclarationCodesTests\\AddNewCostDeclarationTest.cy.js",
      "file": "cypress\\e2e\\Tests\\PayrollSettingsPageTests\\WageComponentsTests\\CostsDeclarationCodesTests\\AddNewCostDeclarationTest.cy.js",
      "beforeHooks": [],
      "afterHooks": [],
      "tests": [],
      "suites": [
        {
          "uuid": "deef82c4-d86d-4c97-9ae8-f6f745cf1335",
          "title": "Add new cost declaration form Test",
          "fullFile": "",
          "file": "",
          "beforeHooks": [],
          "afterHooks": [],
          "tests": [
            {
              "title": "should can go to componets check if can add one new cost delaration",
              "fullTitle": "Add new cost declaration form Test should can go to componets check if can add one new cost delaration",
              "timedOut": null,
              "duration": 4452,
              "state": "passed",
              "speed": "fast",
              "pass": true,
              "fail": false,
              "pending": false,
              "context": null,
              "code": "_WageComponentsPage.default.goToWageComponents();\n_CostDeclarationCodesPage.default.goToCostDeclarationCodes();\n_AddNewCostDeclaration.default.openAddNewCostDeclaratioForm();\n_AddNewCostDeclaration.default.cancelAddNewCostDeclaratioForm();",
              "err": {},
              "uuid": "d273db69-2dc8-4361-9ccd-8846d25b73b0",
              "parentUUID": "deef82c4-d86d-4c97-9ae8-f6f745cf1335",
              "isHook": false,
              "skipped": false
            }
          ],
          "suites": [],
          "passes": [
            "d273db69-2dc8-4361-9ccd-8846d25b73b0"
          ],
          "failures": [],
          "pending": [],
          "skipped": [],
          "duration": 4452,
          "root": false,
          "rootEmpty": false,
          "_timeout": 2000
        }
      ],
      "passes": [],
      "failures": [],
      "pending": [],
      "skipped": [],
      "duration": 0,
      "root": true,
      "rootEmpty": true,
      "_timeout": 2000
    }
  ],
  "meta": {
    "mocha": {
      "version": "7.0.1"
    },
    "mochawesome": {
      "options": {
        "quiet": true,
        "reportFilename": "[status]_[name]",
        "saveHtml": false,
        "saveJson": true,
        "consoleReporter": "spec",
        "useInlineDiffs": false,
        "code": true
      },
      "version": "7.1.3"
    },
    "marge": {
      "options": {
        "id": "default",
        "reportDir": "cypress/reports/jsonReports",
        "reportFilename": "[status]_[name]",
        "quiet": true,
        "overwrite": false,
        "html": false,
        "json": true
      },
      "version": "6.2.0"
    }
  }
}