{
  "stats": {
    "suites": 1,
    "tests": 1,
    "passes": 1,
    "pending": 0,
    "failures": 0,
    "start": "2024-08-26T06:33:25.704Z",
    "end": "2024-08-26T06:33:29.221Z",
    "duration": 3517,
    "testsRegistered": 1,
    "passPercent": 100,
    "pendingPercent": 0,
    "other": 0,
    "hasOther": false,
    "skipped": 0,
    "hasSkipped": false
  },
  "results": [
    {
      "uuid": "c2bb57c0-8653-4cca-ad29-89b9f06d7e3b",
      "title": "",
      "fullFile": "cypress\\e2e\\Tests\\BlogsPageTests\\AddNewBlog.cy.js",
      "file": "cypress\\e2e\\Tests\\BlogsPageTests\\AddNewBlog.cy.js",
      "beforeHooks": [],
      "afterHooks": [],
      "tests": [],
      "suites": [
        {
          "uuid": "7ef2001f-5301-436b-badb-03edac16e5f5",
          "title": "Add new employee form Tests",
          "fullFile": "",
          "file": "",
          "beforeHooks": [],
          "afterHooks": [],
          "tests": [
            {
              "title": "should exist add new blog button",
              "fullTitle": "Add new employee form Tests should exist add new blog button",
              "timedOut": null,
              "duration": 3450,
              "state": "passed",
              "speed": "fast",
              "pass": true,
              "fail": false,
              "pending": false,
              "context": null,
              "code": "_AddNewBlog.default.addNewBlogBtn();",
              "err": {},
              "uuid": "11115a03-e385-4ba1-b53d-ee794ff1e6a9",
              "parentUUID": "7ef2001f-5301-436b-badb-03edac16e5f5",
              "isHook": false,
              "skipped": false
            }
          ],
          "suites": [],
          "passes": [
            "11115a03-e385-4ba1-b53d-ee794ff1e6a9"
          ],
          "failures": [],
          "pending": [],
          "skipped": [],
          "duration": 3450,
          "root": false,
          "rootEmpty": false,
          "_timeout": 2000
        }
      ],
      "passes": [],
      "failures": [],
      "pending": [],
      "skipped": [],
      "duration": 0,
      "root": true,
      "rootEmpty": true,
      "_timeout": 2000
    }
  ],
  "meta": {
    "mocha": {
      "version": "7.0.1"
    },
    "mochawesome": {
      "options": {
        "quiet": true,
        "reportFilename": "[status]_[name]",
        "saveHtml": false,
        "saveJson": true,
        "consoleReporter": "spec",
        "useInlineDiffs": false,
        "code": true
      },
      "version": "7.1.3"
    },
    "marge": {
      "options": {
        "id": "default",
        "reportDir": "cypress/reports/jsonReports",
        "reportFilename": "[status]_[name]",
        "quiet": true,
        "overwrite": false,
        "html": false,
        "json": true
      },
      "version": "6.2.0"
    }
  }
}