{
  "stats": {
    "suites": 1,
    "tests": 1,
    "passes": 1,
    "pending": 0,
    "failures": 0,
    "start": "2024-08-26T06:38:33.334Z",
    "end": "2024-08-26T06:38:36.753Z",
    "duration": 3419,
    "testsRegistered": 1,
    "passPercent": 100,
    "pendingPercent": 0,
    "other": 0,
    "hasOther": false,
    "skipped": 0,
    "hasSkipped": false
  },
  "results": [
    {
      "uuid": "d59a8ce6-c88f-4123-8bcb-2098d93c147c",
      "title": "",
      "fullFile": "cypress\\e2e\\Tests\\UsersPageTests\\SuperAdminsTests\\AddNewSuperAdminTests.cy.js",
      "file": "cypress\\e2e\\Tests\\UsersPageTests\\SuperAdminsTests\\AddNewSuperAdminTests.cy.js",
      "beforeHooks": [],
      "afterHooks": [],
      "tests": [],
      "suites": [
        {
          "uuid": "8ebd196e-d005-403a-b92a-74621801162f",
          "title": "Add new superadmin form Tests",
          "fullFile": "",
          "file": "",
          "beforeHooks": [],
          "afterHooks": [],
          "tests": [
            {
              "title": "should go to superadmins page and check +Add new superadmin button",
              "fullTitle": "Add new superadmin form Tests should go to superadmins page and check +Add new superadmin button",
              "timedOut": null,
              "duration": 3366,
              "state": "passed",
              "speed": "fast",
              "pass": true,
              "fail": false,
              "pending": false,
              "context": null,
              "code": "_SuperAdminsPage.default.superAdminsBtn();\n_AddNewSuperAdmin.default.assertAddNewSuperAdminBtn();",
              "err": {},
              "uuid": "b4511f69-cf6b-441e-82b8-1ecfe248b45a",
              "parentUUID": "8ebd196e-d005-403a-b92a-74621801162f",
              "isHook": false,
              "skipped": false
            }
          ],
          "suites": [],
          "passes": [
            "b4511f69-cf6b-441e-82b8-1ecfe248b45a"
          ],
          "failures": [],
          "pending": [],
          "skipped": [],
          "duration": 3366,
          "root": false,
          "rootEmpty": false,
          "_timeout": 2000
        }
      ],
      "passes": [],
      "failures": [],
      "pending": [],
      "skipped": [],
      "duration": 0,
      "root": true,
      "rootEmpty": true,
      "_timeout": 2000
    }
  ],
  "meta": {
    "mocha": {
      "version": "7.0.1"
    },
    "mochawesome": {
      "options": {
        "quiet": true,
        "reportFilename": "[status]_[name]",
        "saveHtml": false,
        "saveJson": true,
        "consoleReporter": "spec",
        "useInlineDiffs": false,
        "code": true
      },
      "version": "7.1.3"
    },
    "marge": {
      "options": {
        "id": "default",
        "reportDir": "cypress/reports/jsonReports",
        "reportFilename": "[status]_[name]",
        "quiet": true,
        "overwrite": false,
        "html": false,
        "json": true
      },
      "version": "6.2.0"
    }
  }
}