{
  "stats": {
    "suites": 1,
    "tests": 1,
    "passes": 1,
    "pending": 0,
    "failures": 0,
    "start": "2024-08-26T06:36:59.918Z",
    "end": "2024-08-26T06:37:04.475Z",
    "duration": 4557,
    "testsRegistered": 1,
    "passPercent": 100,
    "pendingPercent": 0,
    "other": 0,
    "hasOther": false,
    "skipped": 0,
    "hasSkipped": false
  },
  "results": [
    {
      "uuid": "8f00b448-62a3-4954-a4c9-5a97bde1ce0d",
      "title": "",
      "fullFile": "cypress\\e2e\\Tests\\EmployeesPageTests\\EmployeePageTest.cy.js",
      "file": "cypress\\e2e\\Tests\\EmployeesPageTests\\EmployeePageTest.cy.js",
      "beforeHooks": [],
      "afterHooks": [],
      "tests": [],
      "suites": [
        {
          "uuid": "61ee9cf2-4ab2-430d-a7cf-45c4299085df",
          "title": "Employees Page Tests",
          "fullFile": "",
          "file": "",
          "beforeHooks": [],
          "afterHooks": [],
          "tests": [
            {
              "title": "should can select company from dropdown  ",
              "fullTitle": "Employees Page Tests should can select company from dropdown  ",
              "timedOut": null,
              "duration": 4419,
              "state": "passed",
              "speed": "fast",
              "pass": true,
              "fail": false,
              "pending": false,
              "context": null,
              "code": "_EmployeePage.default.selectCompany();",
              "err": {},
              "uuid": "af1f7c35-c62d-4cee-b2eb-d27b0843bf47",
              "parentUUID": "61ee9cf2-4ab2-430d-a7cf-45c4299085df",
              "isHook": false,
              "skipped": false
            }
          ],
          "suites": [],
          "passes": [
            "af1f7c35-c62d-4cee-b2eb-d27b0843bf47"
          ],
          "failures": [],
          "pending": [],
          "skipped": [],
          "duration": 4419,
          "root": false,
          "rootEmpty": false,
          "_timeout": 2000
        }
      ],
      "passes": [],
      "failures": [],
      "pending": [],
      "skipped": [],
      "duration": 0,
      "root": true,
      "rootEmpty": true,
      "_timeout": 2000
    }
  ],
  "meta": {
    "mocha": {
      "version": "7.0.1"
    },
    "mochawesome": {
      "options": {
        "quiet": true,
        "reportFilename": "[status]_[name]",
        "saveHtml": false,
        "saveJson": true,
        "consoleReporter": "spec",
        "useInlineDiffs": false,
        "code": true
      },
      "version": "7.1.3"
    },
    "marge": {
      "options": {
        "id": "default",
        "reportDir": "cypress/reports/jsonReports",
        "reportFilename": "[status]_[name]",
        "quiet": true,
        "overwrite": false,
        "html": false,
        "json": true
      },
      "version": "6.2.0"
    }
  }
}