{
  "stats": {
    "suites": 1,
    "tests": 1,
    "passes": 1,
    "pending": 0,
    "failures": 0,
    "start": "2024-08-26T06:33:31.390Z",
    "end": "2024-08-26T06:33:35.860Z",
    "duration": 4470,
    "testsRegistered": 1,
    "passPercent": 100,
    "pendingPercent": 0,
    "other": 0,
    "hasOther": false,
    "skipped": 0,
    "hasSkipped": false
  },
  "results": [
    {
      "uuid": "c5f11311-4aee-41b7-88c2-133e32ea8f07",
      "title": "",
      "fullFile": "cypress\\e2e\\Tests\\BlogsPageTests\\BlogsPageTests.cy.js",
      "file": "cypress\\e2e\\Tests\\BlogsPageTests\\BlogsPageTests.cy.js",
      "beforeHooks": [],
      "afterHooks": [],
      "tests": [],
      "suites": [
        {
          "uuid": "93d27ff7-23c2-4bbb-939c-51b0c910a6c5",
          "title": "Adding a new employee",
          "fullFile": "",
          "file": "",
          "beforeHooks": [],
          "afterHooks": [],
          "tests": [
            {
              "title": "should exist add new blog button",
              "fullTitle": "Adding a new employee should exist add new blog button",
              "timedOut": null,
              "duration": 4376,
              "state": "passed",
              "speed": "fast",
              "pass": true,
              "fail": false,
              "pending": false,
              "context": null,
              "code": "_BlogsPage.default.addNewBlogBtn();",
              "err": {},
              "uuid": "0b634a5c-cfd9-4cd3-8abf-617c4fd9a85b",
              "parentUUID": "93d27ff7-23c2-4bbb-939c-51b0c910a6c5",
              "isHook": false,
              "skipped": false
            }
          ],
          "suites": [],
          "passes": [
            "0b634a5c-cfd9-4cd3-8abf-617c4fd9a85b"
          ],
          "failures": [],
          "pending": [],
          "skipped": [],
          "duration": 4376,
          "root": false,
          "rootEmpty": false,
          "_timeout": 2000
        }
      ],
      "passes": [],
      "failures": [],
      "pending": [],
      "skipped": [],
      "duration": 0,
      "root": true,
      "rootEmpty": true,
      "_timeout": 2000
    }
  ],
  "meta": {
    "mocha": {
      "version": "7.0.1"
    },
    "mochawesome": {
      "options": {
        "quiet": true,
        "reportFilename": "[status]_[name]",
        "saveHtml": false,
        "saveJson": true,
        "consoleReporter": "spec",
        "useInlineDiffs": false,
        "code": true
      },
      "version": "7.1.3"
    },
    "marge": {
      "options": {
        "id": "default",
        "reportDir": "cypress/reports/jsonReports",
        "reportFilename": "[status]_[name]",
        "quiet": true,
        "overwrite": false,
        "html": false,
        "json": true
      },
      "version": "6.2.0"
    }
  }
}