{
  "stats": {
    "suites": 23,
    "tests": 53,
    "passes": 52,
    "pending": 0,
    "failures": 1,
    "testsRegistered": 53,
    "passPercent": 98.11320754716981,
    "pendingPercent": 0,
    "other": 0,
    "hasOther": false,
    "skipped": 0,
    "hasSkipped": false,
    "start": "2024-08-26T06:33:09.559Z",
    "end": "2024-08-26T06:39:00.160Z",
    "duration": 350601
  },
  "results": [
    {
      "uuid": "c0a3658f-9422-4b9b-a74b-62feea618bf0",
      "title": "",
      "fullFile": "cypress\\e2e\\Tests\\DashboardPageTests\\DashBoardPageTests.cy.js",
      "file": "cypress\\e2e\\Tests\\DashboardPageTests\\DashBoardPageTests.cy.js",
      "beforeHooks": [],
      "afterHooks": [],
      "tests": [],
      "suites": [
        {
          "uuid": "402163be-ea59-44e8-ab64-a2b89ed7e4ef",
          "title": "Dashboard Page Test",
          "fullFile": "",
          "file": "",
          "beforeHooks": [],
          "afterHooks": [],
          "tests": [
            {
              "title": "should exist Error Logs title",
              "fullTitle": "Dashboard Page Test should exist Error Logs title",
              "timedOut": null,
              "duration": 32904,
              "state": "failed",
              "speed": null,
              "pass": false,
              "fail": true,
              "pending": false,
              "context": null,
              "code": "_DashboardPage.default.checkErrorLogs();",
              "err": {
                "message": "AssertionError: Timed out retrying after 30000ms: Expected to find element: `.css-gvoll6 > .MuiTypography-root`, but never found it.",
                "estack": "AssertionError: Timed out retrying after 30000ms: Expected to find element: `.css-gvoll6 > .MuiTypography-root`, but never found it.\n    at DashboardPage.checkErrorLogs (webpack://up_automation_collection_cypress/./cypress/e2e/Pages/DashboardPage/DashboardPage.js:3:18)\n    at Context.eval (webpack://up_automation_collection_cypress/./cypress/e2e/Tests/DashboardPageTests/DashBoardPageTests.cy.js:17:22)",
                "diff": null
              },
              "uuid": "79adcc28-7043-4f13-9264-0c61d4f347b8",
              "parentUUID": "402163be-ea59-44e8-ab64-a2b89ed7e4ef",
              "isHook": false,
              "skipped": false
            }
          ],
          "suites": [],
          "passes": [],
          "failures": [
            "79adcc28-7043-4f13-9264-0c61d4f347b8"
          ],
          "pending": [],
          "skipped": [],
          "duration": 32904,
          "root": false,
          "rootEmpty": false,
          "_timeout": 2000
        }
      ],
      "passes": [],
      "failures": [],
      "pending": [],
      "skipped": [],
      "duration": 0,
      "root": true,
      "rootEmpty": true,
      "_timeout": 2000
    },
    {
      "uuid": "ad7129e5-2733-478e-8706-ab7d31d39b04",
      "title": "",
      "fullFile": "cypress\\e2e\\Tests\\UsersPageTests\\ApiUsersTests\\AddNewApiUserTests.cy.js",
      "file": "cypress\\e2e\\Tests\\UsersPageTests\\ApiUsersTests\\AddNewApiUserTests.cy.js",
      "beforeHooks": [],
      "afterHooks": [],
      "tests": [],
      "suites": [
        {
          "uuid": "fc1d534c-96bb-4ee2-b682-58c508e82e9e",
          "title": "Add new API user form Tests",
          "fullFile": "",
          "file": "",
          "beforeHooks": [],
          "afterHooks": [],
          "tests": [
            {
              "title": "should go to API users page",
              "fullTitle": "Add new API user form Tests should go to API users page",
              "timedOut": null,
              "duration": 3332,
              "state": "passed",
              "speed": "fast",
              "pass": true,
              "fail": false,
              "pending": false,
              "context": null,
              "code": "_ApiUsersPage.default.apiUsersBtn();\n_AddNewApiUser.default.assertNewApiUserBtn();",
              "err": {},
              "uuid": "ae3b41bd-c8e3-4ec4-9a03-0341d1d01942",
              "parentUUID": "fc1d534c-96bb-4ee2-b682-58c508e82e9e",
              "isHook": false,
              "skipped": false
            }
          ],
          "suites": [],
          "passes": [
            "ae3b41bd-c8e3-4ec4-9a03-0341d1d01942"
          ],
          "failures": [],
          "pending": [],
          "skipped": [],
          "duration": 3332,
          "root": false,
          "rootEmpty": false,
          "_timeout": 2000
        }
      ],
      "passes": [],
      "failures": [],
      "pending": [],
      "skipped": [],
      "duration": 0,
      "root": true,
      "rootEmpty": true,
      "_timeout": 2000
    },
    {
      "uuid": "c2bb57c0-8653-4cca-ad29-89b9f06d7e3b",
      "title": "",
      "fullFile": "cypress\\e2e\\Tests\\BlogsPageTests\\AddNewBlog.cy.js",
      "file": "cypress\\e2e\\Tests\\BlogsPageTests\\AddNewBlog.cy.js",
      "beforeHooks": [],
      "afterHooks": [],
      "tests": [],
      "suites": [
        {
          "uuid": "7ef2001f-5301-436b-badb-03edac16e5f5",
          "title": "Add new employee form Tests",
          "fullFile": "",
          "file": "",
          "beforeHooks": [],
          "afterHooks": [],
          "tests": [
            {
              "title": "should exist add new blog button",
              "fullTitle": "Add new employee form Tests should exist add new blog button",
              "timedOut": null,
              "duration": 3450,
              "state": "passed",
              "speed": "fast",
              "pass": true,
              "fail": false,
              "pending": false,
              "context": null,
              "code": "_AddNewBlog.default.addNewBlogBtn();",
              "err": {},
              "uuid": "11115a03-e385-4ba1-b53d-ee794ff1e6a9",
              "parentUUID": "7ef2001f-5301-436b-badb-03edac16e5f5",
              "isHook": false,
              "skipped": false
            }
          ],
          "suites": [],
          "passes": [
            "11115a03-e385-4ba1-b53d-ee794ff1e6a9"
          ],
          "failures": [],
          "pending": [],
          "skipped": [],
          "duration": 3450,
          "root": false,
          "rootEmpty": false,
          "_timeout": 2000
        }
      ],
      "passes": [],
      "failures": [],
      "pending": [],
      "skipped": [],
      "duration": 0,
      "root": true,
      "rootEmpty": true,
      "_timeout": 2000
    },
    {
      "uuid": "254b780d-04ce-4346-8a4f-00f4b9a8d8e9",
      "title": "",
      "fullFile": "cypress\\e2e\\Tests\\CompaniesPageTests\\AddNewCompany.cy.js",
      "file": "cypress\\e2e\\Tests\\CompaniesPageTests\\AddNewCompany.cy.js",
      "beforeHooks": [],
      "afterHooks": [],
      "tests": [],
      "suites": [
        {
          "uuid": "8ef7c650-14ea-4e4b-a0fe-8372483d1700",
          "title": "Add new company form Tests",
          "fullFile": "",
          "file": "",
          "beforeHooks": [],
          "afterHooks": [],
          "tests": [
            {
              "title": "should I can complete in all fields to can use save and next button",
              "fullTitle": "Add new company form Tests should I can complete in all fields to can use save and next button",
              "timedOut": null,
              "duration": 9140,
              "state": "passed",
              "speed": "medium",
              "pass": true,
              "fail": false,
              "pending": false,
              "context": null,
              "code": "_AddNewCompany.default.completeCompanySection(_companyConstants.COMPANY_INFO.COMPANY_NAME, _companyConstants.COMPANY_INFO.COMMERCIAL_NAME, _companyConstants.COMPANY_INFO.STREET_NAME, _companyConstants.COMPANY_INFO.NUMBER, _companyConstants.COMPANY_INFO.BUS_NUMBER, _companyConstants.COMPANY_INFO.CITY, _companyConstants.COMPANY_INFO.POSTAL_CODE, _companyConstants.COMPANY_INFO.COUNTRY, _companyConstants.COMPANY_INFO.COMPANY_ID_NUMBER, _companyConstants.COMPANY_INFO.COMPANY_FORMAT, _companyConstants.COMPANY_INFO.EMAIL_ADDRESS);\n_AddNewCompany.default.activateToggles();\n_AddNewCompany.default.saveAddNewCompanyBtn();",
              "err": {},
              "uuid": "323a378a-d7b8-4f9f-86ab-80311af44ed5",
              "parentUUID": "8ef7c650-14ea-4e4b-a0fe-8372483d1700",
              "isHook": false,
              "skipped": false
            },
            {
              "title": "should I can complete all mandatory fields from company section and move between other sections",
              "fullTitle": "Add new company form Tests should I can complete all mandatory fields from company section and move between other sections",
              "timedOut": null,
              "duration": 15829,
              "state": "passed",
              "speed": "slow",
              "pass": true,
              "fail": false,
              "pending": false,
              "context": null,
              "code": "_AddNewCompany.default.completeCompanySection(_companyConstants.COMPANY_INFO.COMPANY_NAME, _companyConstants.COMPANY_INFO.COMMERCIAL_NAME, _companyConstants.COMPANY_INFO.STREET_NAME, _companyConstants.COMPANY_INFO.NUMBER, _companyConstants.COMPANY_INFO.BUS_NUMBER, _companyConstants.COMPANY_INFO.CITY, _companyConstants.COMPANY_INFO.POSTAL_CODE, _companyConstants.COMPANY_INFO.COUNTRY, _companyConstants.COMPANY_INFO.COMPANY_ID_NUMBER, _companyConstants.COMPANY_INFO.COMPANY_FORMAT, _companyConstants.COMPANY_INFO.EMAIL_ADDRESS);\n_AddNewCompany.default.saveAddNewCompanyBtn();\n_AddNewCompany.default.assertSectionsVisibility();\n_AddNewCompany.default.moveBetweenSection();",
              "err": {},
              "uuid": "4ae91123-b4bc-4dc0-a27d-dde9700bfaa9",
              "parentUUID": "8ef7c650-14ea-4e4b-a0fe-8372483d1700",
              "isHook": false,
              "skipped": false
            }
          ],
          "suites": [],
          "passes": [
            "323a378a-d7b8-4f9f-86ab-80311af44ed5",
            "4ae91123-b4bc-4dc0-a27d-dde9700bfaa9"
          ],
          "failures": [],
          "pending": [],
          "skipped": [],
          "duration": 24969,
          "root": false,
          "rootEmpty": false,
          "_timeout": 2000
        }
      ],
      "passes": [],
      "failures": [],
      "pending": [],
      "skipped": [],
      "duration": 0,
      "root": true,
      "rootEmpty": true,
      "_timeout": 2000
    },
    {
      "uuid": "69ace0a7-97be-4b3b-b1fa-e612a7fd0ca4",
      "title": "",
      "fullFile": "cypress\\e2e\\Tests\\PayrollSettingsPageTests\\WageComponentsTests\\CostsDeclarationCodesTests\\AddNewCostDeclarationTest.cy.js",
      "file": "cypress\\e2e\\Tests\\PayrollSettingsPageTests\\WageComponentsTests\\CostsDeclarationCodesTests\\AddNewCostDeclarationTest.cy.js",
      "beforeHooks": [],
      "afterHooks": [],
      "tests": [],
      "suites": [
        {
          "uuid": "deef82c4-d86d-4c97-9ae8-f6f745cf1335",
          "title": "Add new cost declaration form Test",
          "fullFile": "",
          "file": "",
          "beforeHooks": [],
          "afterHooks": [],
          "tests": [
            {
              "title": "should can go to componets check if can add one new cost delaration",
              "fullTitle": "Add new cost declaration form Test should can go to componets check if can add one new cost delaration",
              "timedOut": null,
              "duration": 4452,
              "state": "passed",
              "speed": "fast",
              "pass": true,
              "fail": false,
              "pending": false,
              "context": null,
              "code": "_WageComponentsPage.default.goToWageComponents();\n_CostDeclarationCodesPage.default.goToCostDeclarationCodes();\n_AddNewCostDeclaration.default.openAddNewCostDeclaratioForm();\n_AddNewCostDeclaration.default.cancelAddNewCostDeclaratioForm();",
              "err": {},
              "uuid": "d273db69-2dc8-4361-9ccd-8846d25b73b0",
              "parentUUID": "deef82c4-d86d-4c97-9ae8-f6f745cf1335",
              "isHook": false,
              "skipped": false
            }
          ],
          "suites": [],
          "passes": [
            "d273db69-2dc8-4361-9ccd-8846d25b73b0"
          ],
          "failures": [],
          "pending": [],
          "skipped": [],
          "duration": 4452,
          "root": false,
          "rootEmpty": false,
          "_timeout": 2000
        }
      ],
      "passes": [],
      "failures": [],
      "pending": [],
      "skipped": [],
      "duration": 0,
      "root": true,
      "rootEmpty": true,
      "_timeout": 2000
    },
    {
      "uuid": "e462589f-add2-4df3-912a-90605d4bf890",
      "title": "",
      "fullFile": "cypress\\e2e\\Tests\\DocsPageTests\\AddNewDocument.cy.js",
      "file": "cypress\\e2e\\Tests\\DocsPageTests\\AddNewDocument.cy.js",
      "beforeHooks": [],
      "afterHooks": [],
      "tests": [],
      "suites": [
        {
          "uuid": "757e9684-7e9b-4dd0-956f-c0be6f5a0f4f",
          "title": "Add new document form Test",
          "fullFile": "",
          "file": "",
          "beforeHooks": [],
          "afterHooks": [],
          "tests": [
            {
              "title": "should can see add document button",
              "fullTitle": "Add new document form Test should can see add document button",
              "timedOut": null,
              "duration": 3120,
              "state": "passed",
              "speed": "fast",
              "pass": true,
              "fail": false,
              "pending": false,
              "context": null,
              "code": "_AddNewDocument.default.addNewDocumentBtn();",
              "err": {},
              "uuid": "a909501f-dd6f-4b9a-9a1b-f9f229b5223e",
              "parentUUID": "757e9684-7e9b-4dd0-956f-c0be6f5a0f4f",
              "isHook": false,
              "skipped": false
            }
          ],
          "suites": [],
          "passes": [
            "a909501f-dd6f-4b9a-9a1b-f9f229b5223e"
          ],
          "failures": [],
          "pending": [],
          "skipped": [],
          "duration": 3120,
          "root": false,
          "rootEmpty": false,
          "_timeout": 2000
        }
      ],
      "passes": [],
      "failures": [],
      "pending": [],
      "skipped": [],
      "duration": 0,
      "root": true,
      "rootEmpty": true,
      "_timeout": 2000
    },
    {
      "uuid": "5b413ecc-9d87-48b3-8079-da175b36adf9",
      "title": "",
      "fullFile": "cypress\\e2e\\Tests\\EmployeesPageTests\\AddNewEmployeeTest.cy.js",
      "file": "cypress\\e2e\\Tests\\EmployeesPageTests\\AddNewEmployeeTest.cy.js",
      "beforeHooks": [],
      "afterHooks": [],
      "tests": [],
      "suites": [
        {
          "uuid": "4b327aeb-c60a-4008-843d-e20956aeb442",
          "title": "Add new employee form tests",
          "fullFile": "",
          "file": "",
          "beforeHooks": [],
          "afterHooks": [],
          "tests": [
            {
              "title": "should move between sections information from add new employee form",
              "fullTitle": "Add new employee form tests should move between sections information from add new employee form",
              "timedOut": null,
              "duration": 6518,
              "state": "passed",
              "speed": "medium",
              "pass": true,
              "fail": false,
              "pending": false,
              "context": null,
              "code": "_AddNewEmployee.default.moveBetweenSectionInformation();",
              "err": {},
              "uuid": "9e64ddde-d762-4f1a-9d68-4d9803aa6873",
              "parentUUID": "4b327aeb-c60a-4008-843d-e20956aeb442",
              "isHook": false,
              "skipped": false
            },
            {
              "title": "should fill out the Personal info and cancel",
              "fullTitle": "Add new employee form tests should fill out the Personal info and cancel",
              "timedOut": null,
              "duration": 9222,
              "state": "passed",
              "speed": "medium",
              "pass": true,
              "fail": false,
              "pending": false,
              "context": null,
              "code": "_AddNewEmployee.default.completePersonalInfo(_employeeConstants.PERSONAL_INFO.FIRST_NAME, _employeeConstants.PERSONAL_INFO.LAST_NAME, _employeeConstants.PERSONAL_INFO.SEX, _employeeConstants.PERSONAL_INFO.INSZ, _employeeConstants.PERSONAL_INFO.DATE_OF_BIRTH, _employeeConstants.PERSONAL_INFO.BIRTHPLACE, _employeeConstants.PERSONAL_INFO.BIRTH_COUNTRY, _employeeConstants.PERSONAL_INFO.NATIONALITY, _employeeConstants.PERSONAL_INFO.LANGUAGE, _employeeConstants.MARITAL_STATUS.MARRIED);",
              "err": {},
              "uuid": "fdaa1720-6617-4267-bf79-2c346eb29449",
              "parentUUID": "4b327aeb-c60a-4008-843d-e20956aeb442",
              "isHook": false,
              "skipped": false
            },
            {
              "title": "should fill out the Dependants and cancel",
              "fullTitle": "Add new employee form tests should fill out the Dependants and cancel",
              "timedOut": null,
              "duration": 6988,
              "state": "passed",
              "speed": "medium",
              "pass": true,
              "fail": false,
              "pending": false,
              "context": null,
              "code": "_AddNewEmployee.default.completeDependants(_employeeConstants.PERSONAL_INFO.CHILDREN, _employeeConstants.PERSONAL_INFO.DISABLED_CHILDREN, _employeeConstants.PERSONAL_INFO.ELDERLY);",
              "err": {},
              "uuid": "598c4d16-d12c-43b1-be8f-157c47e14631",
              "parentUUID": "4b327aeb-c60a-4008-843d-e20956aeb442",
              "isHook": false,
              "skipped": false
            },
            {
              "title": "should fill out the  Contact Info and cancel",
              "fullTitle": "Add new employee form tests should fill out the  Contact Info and cancel",
              "timedOut": null,
              "duration": 8214,
              "state": "passed",
              "speed": "medium",
              "pass": true,
              "fail": false,
              "pending": false,
              "context": null,
              "code": "_AddNewEmployee.default.completeContactInfo(_employeeConstants.CONTACT_INFO.MOBILE_NUMBER, _employeeConstants.CONTACT_INFO.EMAIL_ADDRESS, _employeeConstants.CONTACT_INFO.ICE_MOBILE_NUMBER, _employeeConstants.CONTACT_INFO.STREET_NAME, _employeeConstants.CONTACT_INFO.NUMBER, _employeeConstants.CONTACT_INFO.BUS_NUMBER, _employeeConstants.CONTACT_INFO.CITY, _employeeConstants.CONTACT_INFO.POSTAL_CODE, _employeeConstants.CONTACT_INFO.COUNTRY_RESIDENCE);",
              "err": {},
              "uuid": "dda396e9-1901-46e9-912d-b6b01af7f196",
              "parentUUID": "4b327aeb-c60a-4008-843d-e20956aeb442",
              "isHook": false,
              "skipped": false
            },
            {
              "title": "should fill out the Stay Adress and cancel",
              "fullTitle": "Add new employee form tests should fill out the Stay Adress and cancel",
              "timedOut": null,
              "duration": 7312,
              "state": "passed",
              "speed": "medium",
              "pass": true,
              "fail": false,
              "pending": false,
              "context": null,
              "code": "_AddNewEmployee.default.completeStayAddress(_employeeConstants.CONTACT_INFO.STAY_STREET, _employeeConstants.CONTACT_INFO.STAY_NUMBER, _employeeConstants.CONTACT_INFO.STAY_BUS, _employeeConstants.CONTACT_INFO.STAY_CITY, _employeeConstants.CONTACT_INFO.STAY_POSTAL_CODE, _employeeConstants.CONTACT_INFO.STAY_COUNTRY);",
              "err": {},
              "uuid": "006085ab-d36c-411d-92b8-e2250d59e2cb",
              "parentUUID": "4b327aeb-c60a-4008-843d-e20956aeb442",
              "isHook": false,
              "skipped": false
            },
            {
              "title": "should fill out the Working Info and cancel",
              "fullTitle": "Add new employee form tests should fill out the Working Info and cancel",
              "timedOut": null,
              "duration": 6876,
              "state": "passed",
              "speed": "medium",
              "pass": true,
              "fail": false,
              "pending": false,
              "context": null,
              "code": "_AddNewEmployee.default.completeWorkingInfo(_employeeConstants.WORKING_INFO.WORKER_CLASS, _employeeConstants.WORKING_INFO.REASON_OF_EMPLOYMENT, _employeeConstants.WORKING_INFO.IBAN, _employeeConstants.WORKING_INFO.BIC, _employeeConstants.WORKING_INFO.MODEL_OF_TRANSPORT, _employeeConstants.WORKING_INFO.YEARS_OF_EXPERIENCE);",
              "err": {},
              "uuid": "6e4c6ad3-9963-4f9e-9428-42bc382f8bb9",
              "parentUUID": "4b327aeb-c60a-4008-843d-e20956aeb442",
              "isHook": false,
              "skipped": false
            },
            {
              "title": "should fill out the  Permanent employee and cancel",
              "fullTitle": "Add new employee form tests should fill out the  Permanent employee and cancel",
              "timedOut": null,
              "duration": 7495,
              "state": "passed",
              "speed": "medium",
              "pass": true,
              "fail": false,
              "pending": false,
              "context": null,
              "code": "_AddNewEmployee.default.completePermanentEmployee(_employeeConstants.WORKING_INFO.MODEL_OF_TRANSPORT, _employeeConstants.WORKING_INFO.YEARS_OF_EXPERIENCE, _employeeConstants.WORKING_INFO.START_DATE, _employeeConstants.WORKING_INFO.IBAN, _employeeConstants.WORKING_INFO.COMPANY_BRANCH);",
              "err": {},
              "uuid": "3b26e255-efc0-46e1-89b7-38e95eee9ca1",
              "parentUUID": "4b327aeb-c60a-4008-843d-e20956aeb442",
              "isHook": false,
              "skipped": false
            },
            {
              "title": "should fill out the Account and cancel",
              "fullTitle": "Add new employee form tests should fill out the Account and cancel",
              "timedOut": null,
              "duration": 8192,
              "state": "passed",
              "speed": "medium",
              "pass": true,
              "fail": false,
              "pending": false,
              "context": null,
              "code": "_AddNewEmployee.default.completeAccount(_employeeConstants.ACCOUNT.ID_CARD_NUMBER, _employeeConstants.ACCOUNT.EXPIRATION_DATE, _employeeConstants.ACCOUNT.PASSWORD);",
              "err": {},
              "uuid": "f0eb11f8-7030-45bf-9198-f4dd6441a8bd",
              "parentUUID": "4b327aeb-c60a-4008-843d-e20956aeb442",
              "isHook": false,
              "skipped": false
            },
            {
              "title": "should check GDPR and cancel",
              "fullTitle": "Add new employee form tests should check GDPR and cancel",
              "timedOut": null,
              "duration": 5118,
              "state": "passed",
              "speed": "medium",
              "pass": true,
              "fail": false,
              "pending": false,
              "context": null,
              "code": "_AddNewEmployee.default.gdprToogle();",
              "err": {},
              "uuid": "93545057-bf39-4b60-9f43-a84727af1a89",
              "parentUUID": "4b327aeb-c60a-4008-843d-e20956aeb442",
              "isHook": false,
              "skipped": false
            },
            {
              "title": "should set inactive employee and cancel",
              "fullTitle": "Add new employee form tests should set inactive employee and cancel",
              "timedOut": null,
              "duration": 4716,
              "state": "passed",
              "speed": "fast",
              "pass": true,
              "fail": false,
              "pending": false,
              "context": null,
              "code": "_AddNewEmployee.default.setInactiveEmployee();",
              "err": {},
              "uuid": "fb654aac-272d-464b-9e2b-9ade6219b505",
              "parentUUID": "4b327aeb-c60a-4008-843d-e20956aeb442",
              "isHook": false,
              "skipped": false
            },
            {
              "title": "should fill out Add new employee form and cancel",
              "fullTitle": "Add new employee form tests should fill out Add new employee form and cancel",
              "timedOut": null,
              "duration": 24750,
              "state": "passed",
              "speed": "slow",
              "pass": true,
              "fail": false,
              "pending": false,
              "context": null,
              "code": "// Fill out the Personal info\n_AddNewEmployee.default.completePersonalInfo(_employeeConstants.PERSONAL_INFO.FIRST_NAME, _employeeConstants.PERSONAL_INFO.LAST_NAME, _employeeConstants.PERSONAL_INFO.SEX, _employeeConstants.PERSONAL_INFO.INSZ, _employeeConstants.PERSONAL_INFO.DATE_OF_BIRTH, _employeeConstants.PERSONAL_INFO.BIRTHPLACE, _employeeConstants.PERSONAL_INFO.BIRTH_COUNTRY, _employeeConstants.PERSONAL_INFO.NATIONALITY, _employeeConstants.PERSONAL_INFO.LANGUAGE, _employeeConstants.MARITAL_STATUS.MARRIED);\n// Fill out the Dependants\n_AddNewEmployee.default.completeDependants(_employeeConstants.PERSONAL_INFO.CHILDREN, _employeeConstants.PERSONAL_INFO.DISABLED_CHILDREN, _employeeConstants.PERSONAL_INFO.ELDERLY);\n// Fill out the Contact Info\n_AddNewEmployee.default.completeContactInfo(_employeeConstants.CONTACT_INFO.MOBILE_NUMBER, _employeeConstants.CONTACT_INFO.EMAIL_ADDRESS, _employeeConstants.CONTACT_INFO.ICE_MOBILE_NUMBER, _employeeConstants.CONTACT_INFO.STREET_NAME, _employeeConstants.CONTACT_INFO.NUMBER, _employeeConstants.CONTACT_INFO.BUS_NUMBER, _employeeConstants.CONTACT_INFO.CITY, _employeeConstants.CONTACT_INFO.POSTAL_CODE, _employeeConstants.CONTACT_INFO.COUNTRY_RESIDENCE);\n// Fill out the Stay Adress\n_AddNewEmployee.default.completeStayAddress(_employeeConstants.CONTACT_INFO.STAY_STREET, _employeeConstants.CONTACT_INFO.STAY_NUMBER, _employeeConstants.CONTACT_INFO.STAY_BUS, _employeeConstants.CONTACT_INFO.STAY_CITY, _employeeConstants.CONTACT_INFO.STAY_POSTAL_CODE, _employeeConstants.CONTACT_INFO.STAY_COUNTRY);\n// Fill out the Working Info\n_AddNewEmployee.default.completeWorkingInfo(_employeeConstants.WORKING_INFO.WORKER_CLASS, _employeeConstants.WORKING_INFO.REASON_OF_EMPLOYMENT, _employeeConstants.WORKING_INFO.IBAN, _employeeConstants.WORKING_INFO.BIC, _employeeConstants.WORKING_INFO.MODEL_OF_TRANSPORT, _employeeConstants.WORKING_INFO.YEARS_OF_EXPERIENCE);\n// Fill out the Permanent employee\n_AddNewEmployee.default.completePermanentEmployee(_employeeConstants.WORKING_INFO.MODEL_OF_TRANSPORT, _employeeConstants.WORKING_INFO.YEARS_OF_EXPERIENCE, _employeeConstants.WORKING_INFO.START_DATE, _employeeConstants.WORKING_INFO.IBAN, _employeeConstants.WORKING_INFO.COMPANY_BRANCH);\n// Fill out the Account employee\n_AddNewEmployee.default.completeAccount(_employeeConstants.ACCOUNT.ID_CARD_NUMBER, _employeeConstants.ACCOUNT.EXPIRATION_DATE, _employeeConstants.ACCOUNT.PASSWORD);\n// Check inactive employee, checkbox\n_AddNewEmployee.default.setInactiveEmployee();\n// Agree GDPR\n_AddNewEmployee.default.gdprToogle();\n// Submit the form\n// AddNewEmployee.saveAndSubmitForm();\n// Cancel the form\n//AddNewEmployee.cancelForm();",
              "err": {},
              "uuid": "daf8b9c7-69b1-4809-93cf-198f1ea2ed69",
              "parentUUID": "4b327aeb-c60a-4008-843d-e20956aeb442",
              "isHook": false,
              "skipped": false
            }
          ],
          "suites": [],
          "passes": [
            "9e64ddde-d762-4f1a-9d68-4d9803aa6873",
            "fdaa1720-6617-4267-bf79-2c346eb29449",
            "598c4d16-d12c-43b1-be8f-157c47e14631",
            "dda396e9-1901-46e9-912d-b6b01af7f196",
            "006085ab-d36c-411d-92b8-e2250d59e2cb",
            "6e4c6ad3-9963-4f9e-9428-42bc382f8bb9",
            "3b26e255-efc0-46e1-89b7-38e95eee9ca1",
            "f0eb11f8-7030-45bf-9198-f4dd6441a8bd",
            "93545057-bf39-4b60-9f43-a84727af1a89",
            "fb654aac-272d-464b-9e2b-9ade6219b505",
            "daf8b9c7-69b1-4809-93cf-198f1ea2ed69"
          ],
          "failures": [],
          "pending": [],
          "skipped": [],
          "duration": 95401,
          "root": false,
          "rootEmpty": false,
          "_timeout": 2000
        }
      ],
      "passes": [],
      "failures": [],
      "pending": [],
      "skipped": [],
      "duration": 0,
      "root": true,
      "rootEmpty": true,
      "_timeout": 2000
    },
    {
      "uuid": "0a9b8af4-68a1-4b28-8ec9-3ea17b0a137e",
      "title": "",
      "fullFile": "cypress\\e2e\\Tests\\PayrollSettingsPageTests\\ParitairComiteTests\\AddNewParitairComiteTest.cy.js",
      "file": "cypress\\e2e\\Tests\\PayrollSettingsPageTests\\ParitairComiteTests\\AddNewParitairComiteTest.cy.js",
      "beforeHooks": [],
      "afterHooks": [],
      "tests": [],
      "suites": [
        {
          "uuid": "0ced685c-bfe3-494c-8059-f8857b7644ba",
          "title": "Add new Paritair Comite form Test",
          "fullFile": "",
          "file": "",
          "beforeHooks": [],
          "afterHooks": [],
          "tests": [
            {
              "title": "should be visible Add new paritair comite button",
              "fullTitle": "Add new Paritair Comite form Test should be visible Add new paritair comite button",
              "timedOut": null,
              "duration": 3009,
              "state": "passed",
              "speed": "fast",
              "pass": true,
              "fail": false,
              "pending": false,
              "context": null,
              "code": "_AddNewParitairComite.default.addNewParitairComiteBtn();",
              "err": {},
              "uuid": "042c981c-db00-4b3d-a89c-fb01194a5b41",
              "parentUUID": "0ced685c-bfe3-494c-8059-f8857b7644ba",
              "isHook": false,
              "skipped": false
            }
          ],
          "suites": [],
          "passes": [
            "042c981c-db00-4b3d-a89c-fb01194a5b41"
          ],
          "failures": [],
          "pending": [],
          "skipped": [],
          "duration": 3009,
          "root": false,
          "rootEmpty": false,
          "_timeout": 2000
        }
      ],
      "passes": [],
      "failures": [],
      "pending": [],
      "skipped": [],
      "duration": 0,
      "root": true,
      "rootEmpty": true,
      "_timeout": 2000
    },
    {
      "uuid": "d59a8ce6-c88f-4123-8bcb-2098d93c147c",
      "title": "",
      "fullFile": "cypress\\e2e\\Tests\\UsersPageTests\\SuperAdminsTests\\AddNewSuperAdminTests.cy.js",
      "file": "cypress\\e2e\\Tests\\UsersPageTests\\SuperAdminsTests\\AddNewSuperAdminTests.cy.js",
      "beforeHooks": [],
      "afterHooks": [],
      "tests": [],
      "suites": [
        {
          "uuid": "8ebd196e-d005-403a-b92a-74621801162f",
          "title": "Add new superadmin form Tests",
          "fullFile": "",
          "file": "",
          "beforeHooks": [],
          "afterHooks": [],
          "tests": [
            {
              "title": "should go to superadmins page and check +Add new superadmin button",
              "fullTitle": "Add new superadmin form Tests should go to superadmins page and check +Add new superadmin button",
              "timedOut": null,
              "duration": 3366,
              "state": "passed",
              "speed": "fast",
              "pass": true,
              "fail": false,
              "pending": false,
              "context": null,
              "code": "_SuperAdminsPage.default.superAdminsBtn();\n_AddNewSuperAdmin.default.assertAddNewSuperAdminBtn();",
              "err": {},
              "uuid": "b4511f69-cf6b-441e-82b8-1ecfe248b45a",
              "parentUUID": "8ebd196e-d005-403a-b92a-74621801162f",
              "isHook": false,
              "skipped": false
            }
          ],
          "suites": [],
          "passes": [
            "b4511f69-cf6b-441e-82b8-1ecfe248b45a"
          ],
          "failures": [],
          "pending": [],
          "skipped": [],
          "duration": 3366,
          "root": false,
          "rootEmpty": false,
          "_timeout": 2000
        }
      ],
      "passes": [],
      "failures": [],
      "pending": [],
      "skipped": [],
      "duration": 0,
      "root": true,
      "rootEmpty": true,
      "_timeout": 2000
    },
    {
      "uuid": "d207096d-987b-4c16-b36a-e5081b80a01a",
      "title": "",
      "fullFile": "cypress\\e2e\\Tests\\UsersPageTests\\ApiUsersTests\\ApiUsersPageTests.cy.js",
      "file": "cypress\\e2e\\Tests\\UsersPageTests\\ApiUsersTests\\ApiUsersPageTests.cy.js",
      "beforeHooks": [],
      "afterHooks": [],
      "tests": [],
      "suites": [
        {
          "uuid": "ee673171-502c-48b3-a2bc-65f4854c2259",
          "title": "API Users Page Tests",
          "fullFile": "",
          "file": "",
          "beforeHooks": [],
          "afterHooks": [],
          "tests": [
            {
              "title": "should go to API users page",
              "fullTitle": "API Users Page Tests should go to API users page",
              "timedOut": null,
              "duration": 4103,
              "state": "passed",
              "speed": "fast",
              "pass": true,
              "fail": false,
              "pending": false,
              "context": null,
              "code": "_ApiUsersPage.default.apiUsersBtn();\n_ApiUsersPage.default.assertNewApiUserBtn();",
              "err": {},
              "uuid": "2f2cbfb3-182e-4bf7-ba2c-034f992a5bbc",
              "parentUUID": "ee673171-502c-48b3-a2bc-65f4854c2259",
              "isHook": false,
              "skipped": false
            }
          ],
          "suites": [],
          "passes": [
            "2f2cbfb3-182e-4bf7-ba2c-034f992a5bbc"
          ],
          "failures": [],
          "pending": [],
          "skipped": [],
          "duration": 4103,
          "root": false,
          "rootEmpty": false,
          "_timeout": 2000
        }
      ],
      "passes": [],
      "failures": [],
      "pending": [],
      "skipped": [],
      "duration": 0,
      "root": true,
      "rootEmpty": true,
      "_timeout": 2000
    },
    {
      "uuid": "78a68900-73a7-4993-bf3a-941d81375d96",
      "title": "",
      "fullFile": "cypress\\e2e\\Tests\\AuthenticationPageTests\\AuthenticationTest.cy.js",
      "file": "cypress\\e2e\\Tests\\AuthenticationPageTests\\AuthenticationTest.cy.js",
      "beforeHooks": [],
      "afterHooks": [],
      "tests": [],
      "suites": [
        {
          "uuid": "5519d871-c40a-4fa9-a532-fd9d1b4d9579",
          "title": "UpdatePro SuperAdmin Authentication",
          "fullFile": "",
          "file": "",
          "beforeHooks": [],
          "afterHooks": [],
          "tests": [
            {
              "title": "logs superAdmin with valid credentials",
              "fullTitle": "UpdatePro SuperAdmin Authentication logs superAdmin with valid credentials",
              "timedOut": null,
              "duration": 6023,
              "state": "passed",
              "speed": "medium",
              "pass": true,
              "fail": false,
              "pending": false,
              "context": null,
              "code": "_AuthenticationPage.default.loginMethod(email, pass);\n_AuthenticationPage.default.assertDashboardTitleIsVisible();",
              "err": {},
              "uuid": "bc232857-276f-4fa5-a9b3-d26b5d861347",
              "parentUUID": "5519d871-c40a-4fa9-a532-fd9d1b4d9579",
              "isHook": false,
              "skipped": false
            },
            {
              "title": "attempts superAdmin login with invalid email",
              "fullTitle": "UpdatePro SuperAdmin Authentication attempts superAdmin login with invalid email",
              "timedOut": null,
              "duration": 1633,
              "state": "passed",
              "speed": "fast",
              "pass": true,
              "fail": false,
              "pending": false,
              "context": null,
              "code": "_AuthenticationPage.default.loginMethod(\"invalidemail@mailinator.com\", pass);\n_AuthenticationPage.default.assertWrongEmailOrPasswordValidationMessageIsVisible();",
              "err": {},
              "uuid": "635605ac-668e-4178-91f3-5b363445d31d",
              "parentUUID": "5519d871-c40a-4fa9-a532-fd9d1b4d9579",
              "isHook": false,
              "skipped": false
            },
            {
              "title": "attempts superAdmin login with invalid password",
              "fullTitle": "UpdatePro SuperAdmin Authentication attempts superAdmin login with invalid password",
              "timedOut": null,
              "duration": 1723,
              "state": "passed",
              "speed": "fast",
              "pass": true,
              "fail": false,
              "pending": false,
              "context": null,
              "code": "_AuthenticationPage.default.loginMethod(email, \"sdasasf\");\n//BUG-GASIT\n//AuthenticationPage.assertWrongEmailOrPasswordValidationMessageIsVisible()",
              "err": {},
              "uuid": "ca22c950-7885-41ea-b7a9-74d1ae1935df",
              "parentUUID": "5519d871-c40a-4fa9-a532-fd9d1b4d9579",
              "isHook": false,
              "skipped": false
            },
            {
              "title": "logs superAdmin after validation",
              "fullTitle": "UpdatePro SuperAdmin Authentication logs superAdmin after validation",
              "timedOut": null,
              "duration": 2371,
              "state": "passed",
              "speed": "fast",
              "pass": true,
              "fail": false,
              "pending": false,
              "context": null,
              "code": "_AuthenticationPage.default.loginMethod(email, \"Abcd12345\");\n_AuthenticationPage.default.passwordField().focus().clear().type(pass);\n_AuthenticationPage.default.signInButton().click();\n_AuthenticationPage.default.assertDashboardTitleIsVisible();",
              "err": {},
              "uuid": "6d113cd7-53c3-4d9e-b7a4-038545bdb3d6",
              "parentUUID": "5519d871-c40a-4fa9-a532-fd9d1b4d9579",
              "isHook": false,
              "skipped": false
            },
            {
              "title": "logs out SuperAdmin ",
              "fullTitle": "UpdatePro SuperAdmin Authentication logs out SuperAdmin ",
              "timedOut": null,
              "duration": 2228,
              "state": "passed",
              "speed": "fast",
              "pass": true,
              "fail": false,
              "pending": false,
              "context": null,
              "code": "_AuthenticationPage.default.loginMethod(email, pass);\n_AuthenticationPage.default.logout();",
              "err": {},
              "uuid": "ab042ea3-9387-446a-ab98-336d30d9d41e",
              "parentUUID": "5519d871-c40a-4fa9-a532-fd9d1b4d9579",
              "isHook": false,
              "skipped": false
            }
          ],
          "suites": [],
          "passes": [
            "bc232857-276f-4fa5-a9b3-d26b5d861347",
            "635605ac-668e-4178-91f3-5b363445d31d",
            "ca22c950-7885-41ea-b7a9-74d1ae1935df",
            "6d113cd7-53c3-4d9e-b7a4-038545bdb3d6",
            "ab042ea3-9387-446a-ab98-336d30d9d41e"
          ],
          "failures": [],
          "pending": [],
          "skipped": [],
          "duration": 13978,
          "root": false,
          "rootEmpty": false,
          "_timeout": 2000
        }
      ],
      "passes": [],
      "failures": [],
      "pending": [],
      "skipped": [],
      "duration": 0,
      "root": true,
      "rootEmpty": true,
      "_timeout": 2000
    },
    {
      "uuid": "c5f11311-4aee-41b7-88c2-133e32ea8f07",
      "title": "",
      "fullFile": "cypress\\e2e\\Tests\\BlogsPageTests\\BlogsPageTests.cy.js",
      "file": "cypress\\e2e\\Tests\\BlogsPageTests\\BlogsPageTests.cy.js",
      "beforeHooks": [],
      "afterHooks": [],
      "tests": [],
      "suites": [
        {
          "uuid": "93d27ff7-23c2-4bbb-939c-51b0c910a6c5",
          "title": "Adding a new employee",
          "fullFile": "",
          "file": "",
          "beforeHooks": [],
          "afterHooks": [],
          "tests": [
            {
              "title": "should exist add new blog button",
              "fullTitle": "Adding a new employee should exist add new blog button",
              "timedOut": null,
              "duration": 4376,
              "state": "passed",
              "speed": "fast",
              "pass": true,
              "fail": false,
              "pending": false,
              "context": null,
              "code": "_BlogsPage.default.addNewBlogBtn();",
              "err": {},
              "uuid": "0b634a5c-cfd9-4cd3-8abf-617c4fd9a85b",
              "parentUUID": "93d27ff7-23c2-4bbb-939c-51b0c910a6c5",
              "isHook": false,
              "skipped": false
            }
          ],
          "suites": [],
          "passes": [
            "0b634a5c-cfd9-4cd3-8abf-617c4fd9a85b"
          ],
          "failures": [],
          "pending": [],
          "skipped": [],
          "duration": 4376,
          "root": false,
          "rootEmpty": false,
          "_timeout": 2000
        }
      ],
      "passes": [],
      "failures": [],
      "pending": [],
      "skipped": [],
      "duration": 0,
      "root": true,
      "rootEmpty": true,
      "_timeout": 2000
    },
    {
      "uuid": "720f5b44-09f1-496e-bc29-e677d10c397a",
      "title": "",
      "fullFile": "cypress\\e2e\\Tests\\CompaniesPageTests\\CompaniesPageTests.cy.js",
      "file": "cypress\\e2e\\Tests\\CompaniesPageTests\\CompaniesPageTests.cy.js",
      "beforeHooks": [],
      "afterHooks": [],
      "tests": [],
      "suites": [
        {
          "uuid": "0f7682c9-dbfc-4dc3-a381-537a6668aa93",
          "title": "Company Page Tests",
          "fullFile": "",
          "file": "",
          "beforeHooks": [],
          "afterHooks": [],
          "tests": [
            {
              "title": "should exist add new company button",
              "fullTitle": "Company Page Tests should exist add new company button",
              "timedOut": null,
              "duration": 3278,
              "state": "passed",
              "speed": "fast",
              "pass": true,
              "fail": false,
              "pending": false,
              "context": null,
              "code": "_CompaniesPage.default.addNewCompanyBtn();",
              "err": {},
              "uuid": "48d4fc81-0e01-495b-8888-c607a627321c",
              "parentUUID": "0f7682c9-dbfc-4dc3-a381-537a6668aa93",
              "isHook": false,
              "skipped": false
            },
            {
              "title": "should can search a Company using Search Filter",
              "fullTitle": "Company Page Tests should can search a Company using Search Filter",
              "timedOut": null,
              "duration": 3098,
              "state": "passed",
              "speed": "fast",
              "pass": true,
              "fail": false,
              "pending": false,
              "context": null,
              "code": "_CompaniesPage.default.searchCompanyField(_companyConstants.COMPANY_INFO_SEARCH.COMPANY_NAME);\n_CompaniesPage.default.assertCompanyNameFromGrid(_companyConstants.COMPANY_INFO_SEARCH.COMPANY_NAME);",
              "err": {},
              "uuid": "dec3bf06-26a2-4e2d-9593-70d01748ff49",
              "parentUUID": "0f7682c9-dbfc-4dc3-a381-537a6668aa93",
              "isHook": false,
              "skipped": false
            },
            {
              "title": "should can edit a Company using Edit Btn",
              "fullTitle": "Company Page Tests should can edit a Company using Edit Btn",
              "timedOut": null,
              "duration": 3376,
              "state": "passed",
              "speed": "fast",
              "pass": true,
              "fail": false,
              "pending": false,
              "context": null,
              "code": "_CompaniesPage.default.searchCompanyField(_companyConstants.COMPANY_INFO_SEARCH.COMPANY_NAME);\n_CompaniesPage.default.assertCompanyNameFromGrid(_companyConstants.COMPANY_INFO_SEARCH.COMPANY_NAME);\n_CompaniesPage.default.clickOnCompanyActionBtn();\n_CompaniesPage.default.clickEditFirstSearchedCompany();",
              "err": {},
              "uuid": "dfd3c10e-3a7c-4ab6-871f-5fded2d09526",
              "parentUUID": "0f7682c9-dbfc-4dc3-a381-537a6668aa93",
              "isHook": false,
              "skipped": false
            },
            {
              "title": "should can delete a company only with \"Company\" form/section completed",
              "fullTitle": "Company Page Tests should can delete a company only with \"Company\" form/section completed",
              "timedOut": null,
              "duration": 5515,
              "state": "passed",
              "speed": "medium",
              "pass": true,
              "fail": false,
              "pending": false,
              "context": null,
              "code": "_CompaniesPage.default.searchCompanyField(_companyConstants.COMPANY_INFO.COMPANY_NAME);\n_CompaniesPage.default.clickOnCompanyGridToActivateEditBtn(_companyConstants.COMPANY_INFO.COMPANY_ID_NUMBER);\n_CompaniesPage.default.clickEditFirstSearchedCompany();\n_CompaniesPage.default.clickDeleteBtn();\n_CompaniesPage.default.clickYesDeletePopup();\n_CompaniesPage.default.addNewCompanyBtn();",
              "err": {},
              "uuid": "79861c3a-5123-47cb-94e2-4e02f1a7a6cf",
              "parentUUID": "0f7682c9-dbfc-4dc3-a381-537a6668aa93",
              "isHook": false,
              "skipped": false
            },
            {
              "title": "should can delete a company with all forms/sections completed",
              "fullTitle": "Company Page Tests should can delete a company with all forms/sections completed",
              "timedOut": null,
              "duration": 5160,
              "state": "passed",
              "speed": "medium",
              "pass": true,
              "fail": false,
              "pending": false,
              "context": null,
              "code": "_CompaniesPage.default.searchCompanyField(_companyConstants.COMPANY_INFO.COMPANY_NAME);\n_CompaniesPage.default.clickOnCompanyGridToActivateEditBtn(_companyConstants.COMPANY_INFO.COMPANY_ID_NUMBER);\n_CompaniesPage.default.clickEditFirstSearchedCompany();\n_CompaniesPage.default.clickDeleteBtn();\n_CompaniesPage.default.clickYesDeletePopup();\n_CompaniesPage.default.addNewCompanyBtn();",
              "err": {},
              "uuid": "174f7260-e308-4c65-ab1d-3143f546b99e",
              "parentUUID": "0f7682c9-dbfc-4dc3-a381-537a6668aa93",
              "isHook": false,
              "skipped": false
            }
          ],
          "suites": [],
          "passes": [
            "48d4fc81-0e01-495b-8888-c607a627321c",
            "dec3bf06-26a2-4e2d-9593-70d01748ff49",
            "dfd3c10e-3a7c-4ab6-871f-5fded2d09526",
            "79861c3a-5123-47cb-94e2-4e02f1a7a6cf",
            "174f7260-e308-4c65-ab1d-3143f546b99e"
          ],
          "failures": [],
          "pending": [],
          "skipped": [],
          "duration": 20427,
          "root": false,
          "rootEmpty": false,
          "_timeout": 2000
        }
      ],
      "passes": [],
      "failures": [],
      "pending": [],
      "skipped": [],
      "duration": 0,
      "root": true,
      "rootEmpty": true,
      "_timeout": 2000
    },
    {
      "uuid": "c2dad188-f5ce-4e55-8813-5c9ab5d79a66",
      "title": "",
      "fullFile": "cypress\\e2e\\Tests\\PayrollSettingsPageTests\\WageComponentsTests\\CostsDeclarationCodesTests\\CostDeclarationCodesTest.cy.js",
      "file": "cypress\\e2e\\Tests\\PayrollSettingsPageTests\\WageComponentsTests\\CostsDeclarationCodesTests\\CostDeclarationCodesTest.cy.js",
      "beforeHooks": [],
      "afterHooks": [],
      "tests": [],
      "suites": [
        {
          "uuid": "bffa0790-dfa4-44b7-83ca-3503b0b9c362",
          "title": "Cost declaration codes Test",
          "fullFile": "",
          "file": "",
          "beforeHooks": [],
          "afterHooks": [],
          "tests": [
            {
              "title": "should can go to componets check if can add one new cost delaration",
              "fullTitle": "Cost declaration codes Test should can go to componets check if can add one new cost delaration",
              "timedOut": null,
              "duration": 4343,
              "state": "passed",
              "speed": "fast",
              "pass": true,
              "fail": false,
              "pending": false,
              "context": null,
              "code": "_WageComponentsPage.default.goToWageComponents();\n_CostDeclarationCodesPage.default.goToCostDeclarationCodes();\n_CostDeclarationCodesPage.default.checkAddNewCostDeclaratioBtn();",
              "err": {},
              "uuid": "77b11069-f5f0-4086-b3b2-4d3ec8cd4cb2",
              "parentUUID": "bffa0790-dfa4-44b7-83ca-3503b0b9c362",
              "isHook": false,
              "skipped": false
            }
          ],
          "suites": [],
          "passes": [
            "77b11069-f5f0-4086-b3b2-4d3ec8cd4cb2"
          ],
          "failures": [],
          "pending": [],
          "skipped": [],
          "duration": 4343,
          "root": false,
          "rootEmpty": false,
          "_timeout": 2000
        }
      ],
      "passes": [],
      "failures": [],
      "pending": [],
      "skipped": [],
      "duration": 0,
      "root": true,
      "rootEmpty": true,
      "_timeout": 2000
    },
    {
      "uuid": "dd5e711c-bbe2-4d4d-9146-e3abec4ad737",
      "title": "",
      "fullFile": "cypress\\e2e\\Tests\\DocsPageTests\\DocsPageTests.cy.js",
      "file": "cypress\\e2e\\Tests\\DocsPageTests\\DocsPageTests.cy.js",
      "beforeHooks": [],
      "afterHooks": [],
      "tests": [],
      "suites": [
        {
          "uuid": "0f2fceb6-a690-4b8a-a308-38f5252e3e64",
          "title": "Docs Page Test",
          "fullFile": "",
          "file": "",
          "beforeHooks": [],
          "afterHooks": [],
          "tests": [
            {
              "title": "should can select company",
              "fullTitle": "Docs Page Test should can select company",
              "timedOut": null,
              "duration": 3296,
              "state": "passed",
              "speed": "fast",
              "pass": true,
              "fail": false,
              "pending": false,
              "context": null,
              "code": "_DocsPage.default.selectCompany();",
              "err": {},
              "uuid": "44a4bea9-1378-455d-9048-ce1433bf3d2b",
              "parentUUID": "0f2fceb6-a690-4b8a-a308-38f5252e3e64",
              "isHook": false,
              "skipped": false
            }
          ],
          "suites": [],
          "passes": [
            "44a4bea9-1378-455d-9048-ce1433bf3d2b"
          ],
          "failures": [],
          "pending": [],
          "skipped": [],
          "duration": 3296,
          "root": false,
          "rootEmpty": false,
          "_timeout": 2000
        }
      ],
      "passes": [],
      "failures": [],
      "pending": [],
      "skipped": [],
      "duration": 0,
      "root": true,
      "rootEmpty": true,
      "_timeout": 2000
    },
    {
      "uuid": "8f00b448-62a3-4954-a4c9-5a97bde1ce0d",
      "title": "",
      "fullFile": "cypress\\e2e\\Tests\\EmployeesPageTests\\EmployeePageTest.cy.js",
      "file": "cypress\\e2e\\Tests\\EmployeesPageTests\\EmployeePageTest.cy.js",
      "beforeHooks": [],
      "afterHooks": [],
      "tests": [],
      "suites": [
        {
          "uuid": "61ee9cf2-4ab2-430d-a7cf-45c4299085df",
          "title": "Employees Page Tests",
          "fullFile": "",
          "file": "",
          "beforeHooks": [],
          "afterHooks": [],
          "tests": [
            {
              "title": "should can select company from dropdown  ",
              "fullTitle": "Employees Page Tests should can select company from dropdown  ",
              "timedOut": null,
              "duration": 4419,
              "state": "passed",
              "speed": "fast",
              "pass": true,
              "fail": false,
              "pending": false,
              "context": null,
              "code": "_EmployeePage.default.selectCompany();",
              "err": {},
              "uuid": "af1f7c35-c62d-4cee-b2eb-d27b0843bf47",
              "parentUUID": "61ee9cf2-4ab2-430d-a7cf-45c4299085df",
              "isHook": false,
              "skipped": false
            }
          ],
          "suites": [],
          "passes": [
            "af1f7c35-c62d-4cee-b2eb-d27b0843bf47"
          ],
          "failures": [],
          "pending": [],
          "skipped": [],
          "duration": 4419,
          "root": false,
          "rootEmpty": false,
          "_timeout": 2000
        }
      ],
      "passes": [],
      "failures": [],
      "pending": [],
      "skipped": [],
      "duration": 0,
      "root": true,
      "rootEmpty": true,
      "_timeout": 2000
    },
    {
      "uuid": "3afefa50-dc1a-475f-bf39-f1e7ceea7376",
      "title": "",
      "fullFile": "cypress\\e2e\\Tests\\EmployeesPageTests\\InviteEmployeesTest.cy.js",
      "file": "cypress\\e2e\\Tests\\EmployeesPageTests\\InviteEmployeesTest.cy.js",
      "beforeHooks": [],
      "afterHooks": [],
      "tests": [],
      "suites": [
        {
          "uuid": "0a7936a1-1a22-41cd-96f1-9093d8bb8d72",
          "title": "Invite employee form Tests",
          "fullFile": "",
          "file": "",
          "beforeHooks": [],
          "afterHooks": [],
          "tests": [
            {
              "title": "should move between sections information from invite employee form",
              "fullTitle": "Invite employee form Tests should move between sections information from invite employee form",
              "timedOut": null,
              "duration": 7149,
              "state": "passed",
              "speed": "medium",
              "pass": true,
              "fail": false,
              "pending": false,
              "context": null,
              "code": "_InviteEmployees.default.moveBetweenSection();",
              "err": {},
              "uuid": "2b92b5b9-c3ff-4dad-8854-56b9bdd4fb06",
              "parentUUID": "0a7936a1-1a22-41cd-96f1-9093d8bb8d72",
              "isHook": false,
              "skipped": false
            },
            {
              "title": "should complete Invite employee section and cancel",
              "fullTitle": "Invite employee form Tests should complete Invite employee section and cancel",
              "timedOut": null,
              "duration": 6226,
              "state": "passed",
              "speed": "medium",
              "pass": true,
              "fail": false,
              "pending": false,
              "context": null,
              "code": "_InviteEmployees.default.completeInviteEmployees(_employeeConstants.INVITE_EMPLOYEE.FIRST_NAME, _employeeConstants.INVITE_EMPLOYEE.LAST_NAME, _employeeConstants.INVITE_EMPLOYEE.EMAIL_ADDRESS, _employeeConstants.INVITE_EMPLOYEE.COMPANY_BRANCH, _employeeConstants.INVITE_EMPLOYEE.WORKER_CLASS, _employeeConstants.INVITE_EMPLOYEE.LANGUAGE);",
              "err": {},
              "uuid": "ffc66814-eeb2-451a-907f-6cdf5730c486",
              "parentUUID": "0a7936a1-1a22-41cd-96f1-9093d8bb8d72",
              "isHook": false,
              "skipped": false
            },
            {
              "title": "should complete Create Onboarding link section and cancel",
              "fullTitle": "Invite employee form Tests should complete Create Onboarding link section and cancel",
              "timedOut": null,
              "duration": 5128,
              "state": "passed",
              "speed": "medium",
              "pass": true,
              "fail": false,
              "pending": false,
              "context": null,
              "code": "_InviteEmployees.default.completeCreateOnboardingLink(_employeeConstants.INVITE_EMPLOYEE.WORKER_CLASS);",
              "err": {},
              "uuid": "67ef39f6-d09d-4427-a21c-a5b4f723dc65",
              "parentUUID": "0a7936a1-1a22-41cd-96f1-9093d8bb8d72",
              "isHook": false,
              "skipped": false
            },
            {
              "title": "should complete Active links section and cancel",
              "fullTitle": "Invite employee form Tests should complete Active links section and cancel",
              "timedOut": null,
              "duration": 3788,
              "state": "passed",
              "speed": "fast",
              "pass": true,
              "fail": false,
              "pending": false,
              "context": null,
              "code": "_InviteEmployees.default.completeActiveLinks();",
              "err": {},
              "uuid": "765e893d-f564-4ef8-a96f-4648d12240ec",
              "parentUUID": "0a7936a1-1a22-41cd-96f1-9093d8bb8d72",
              "isHook": false,
              "skipped": false
            },
            {
              "title": "should complete all Invite employee forms and cancel ",
              "fullTitle": "Invite employee form Tests should complete all Invite employee forms and cancel ",
              "timedOut": null,
              "duration": 6024,
              "state": "passed",
              "speed": "medium",
              "pass": true,
              "fail": false,
              "pending": false,
              "context": null,
              "code": "_InviteEmployees.default.completeInviteEmployees(_employeeConstants.INVITE_EMPLOYEE.FIRST_NAME, _employeeConstants.INVITE_EMPLOYEE.LAST_NAME, _employeeConstants.INVITE_EMPLOYEE.EMAIL_ADDRESS, _employeeConstants.INVITE_EMPLOYEE.COMPANY_BRANCH, _employeeConstants.INVITE_EMPLOYEE.WORKER_CLASS, _employeeConstants.INVITE_EMPLOYEE.LANGUAGE);\n_InviteEmployees.default.completeCreateOnboardingLink(_employeeConstants.INVITE_EMPLOYEE.WORKER_CLASS);\n_InviteEmployees.default.completeActiveLinks();",
              "err": {},
              "uuid": "52a52f7e-75b4-447c-a6f1-93696637a709",
              "parentUUID": "0a7936a1-1a22-41cd-96f1-9093d8bb8d72",
              "isHook": false,
              "skipped": false
            }
          ],
          "suites": [],
          "passes": [
            "2b92b5b9-c3ff-4dad-8854-56b9bdd4fb06",
            "ffc66814-eeb2-451a-907f-6cdf5730c486",
            "67ef39f6-d09d-4427-a21c-a5b4f723dc65",
            "765e893d-f564-4ef8-a96f-4648d12240ec",
            "52a52f7e-75b4-447c-a6f1-93696637a709"
          ],
          "failures": [],
          "pending": [],
          "skipped": [],
          "duration": 28315,
          "root": false,
          "rootEmpty": false,
          "_timeout": 2000
        }
      ],
      "passes": [],
      "failures": [],
      "pending": [],
      "skipped": [],
      "duration": 0,
      "root": true,
      "rootEmpty": true,
      "_timeout": 2000
    },
    {
      "uuid": "779a4704-9a48-4132-ba3b-f606e184db1c",
      "title": "",
      "fullFile": "cypress\\e2e\\Tests\\PayrollSettingsPageTests\\ParitairComiteTests\\ParitairComitePage.Test.cy.js",
      "file": "cypress\\e2e\\Tests\\PayrollSettingsPageTests\\ParitairComiteTests\\ParitairComitePage.Test.cy.js",
      "beforeHooks": [],
      "afterHooks": [],
      "tests": [],
      "suites": [
        {
          "uuid": "f97777f8-73d4-4185-bec5-10b444c0cf81",
          "title": "Paritair Comite Page Test",
          "fullFile": "",
          "file": "",
          "beforeHooks": [],
          "afterHooks": [],
          "tests": [
            {
              "title": "should be visible Add new paritair comite button",
              "fullTitle": "Paritair Comite Page Test should be visible Add new paritair comite button",
              "timedOut": null,
              "duration": 3098,
              "state": "passed",
              "speed": "fast",
              "pass": true,
              "fail": false,
              "pending": false,
              "context": null,
              "code": "_ParitairComitePage.default.addNewParitairComiteBtn();",
              "err": {},
              "uuid": "546e1c28-b150-4bdb-bc9d-b7b4ff8e231b",
              "parentUUID": "f97777f8-73d4-4185-bec5-10b444c0cf81",
              "isHook": false,
              "skipped": false
            }
          ],
          "suites": [],
          "passes": [
            "546e1c28-b150-4bdb-bc9d-b7b4ff8e231b"
          ],
          "failures": [],
          "pending": [],
          "skipped": [],
          "duration": 3098,
          "root": false,
          "rootEmpty": false,
          "_timeout": 2000
        }
      ],
      "passes": [],
      "failures": [],
      "pending": [],
      "skipped": [],
      "duration": 0,
      "root": true,
      "rootEmpty": true,
      "_timeout": 2000
    },
    {
      "uuid": "d0247852-292e-480b-9377-fc5ab267b46c",
      "title": "",
      "fullFile": "cypress\\e2e\\Tests\\PayrollSettingsPageTests\\PayrollSettingsPageTests.cy.js",
      "file": "cypress\\e2e\\Tests\\PayrollSettingsPageTests\\PayrollSettingsPageTests.cy.js",
      "beforeHooks": [],
      "afterHooks": [],
      "tests": [],
      "suites": [
        {
          "uuid": "6e2444c7-8b36-4fbe-8cbc-29528b534098",
          "title": "Payroll Settings Page Test",
          "fullFile": "",
          "file": "",
          "beforeHooks": [],
          "afterHooks": [],
          "tests": [
            {
              "title": "should be visible Add new paritair comite button",
              "fullTitle": "Payroll Settings Page Test should be visible Add new paritair comite button",
              "timedOut": null,
              "duration": 3343,
              "state": "passed",
              "speed": "fast",
              "pass": true,
              "fail": false,
              "pending": false,
              "context": null,
              "code": "_ParitairComitePage.default.addNewParitairComiteBtn();",
              "err": {},
              "uuid": "a9e081a8-f7ee-47d3-b10b-9ca36cf0d21a",
              "parentUUID": "6e2444c7-8b36-4fbe-8cbc-29528b534098",
              "isHook": false,
              "skipped": false
            }
          ],
          "suites": [],
          "passes": [
            "a9e081a8-f7ee-47d3-b10b-9ca36cf0d21a"
          ],
          "failures": [],
          "pending": [],
          "skipped": [],
          "duration": 3343,
          "root": false,
          "rootEmpty": false,
          "_timeout": 2000
        }
      ],
      "passes": [],
      "failures": [],
      "pending": [],
      "skipped": [],
      "duration": 0,
      "root": true,
      "rootEmpty": true,
      "_timeout": 2000
    },
    {
      "uuid": "707a39b4-45f2-4827-9f17-0960184a9d48",
      "title": "",
      "fullFile": "cypress\\e2e\\Tests\\PayrollSettingsPageTests\\WageComponentsTests\\ServiceCodesTests\\ServiceCodesTests.cy.js",
      "file": "cypress\\e2e\\Tests\\PayrollSettingsPageTests\\WageComponentsTests\\ServiceCodesTests\\ServiceCodesTests.cy.js",
      "beforeHooks": [],
      "afterHooks": [],
      "tests": [],
      "suites": [
        {
          "uuid": "34e5ac3f-c1f5-4f21-967d-d5bb87359a45",
          "title": "Wage Components Page - Service codes Test",
          "fullFile": "",
          "file": "",
          "beforeHooks": [],
          "afterHooks": [],
          "tests": [
            {
              "title": "should can go to componets check if Service codes buttons are visible",
              "fullTitle": "Wage Components Page - Service codes Test should can go to componets check if Service codes buttons are visible",
              "timedOut": null,
              "duration": 4027,
              "state": "passed",
              "speed": "fast",
              "pass": true,
              "fail": false,
              "pending": false,
              "context": null,
              "code": "_WageComponentsPage.default.goToWageComponents();\n_ServiceCodesPage.default.gotoSeviceCodes();",
              "err": {},
              "uuid": "0522c075-90b1-4e91-a867-4b1f3a83bb89",
              "parentUUID": "34e5ac3f-c1f5-4f21-967d-d5bb87359a45",
              "isHook": false,
              "skipped": false
            }
          ],
          "suites": [],
          "passes": [
            "0522c075-90b1-4e91-a867-4b1f3a83bb89"
          ],
          "failures": [],
          "pending": [],
          "skipped": [],
          "duration": 4027,
          "root": false,
          "rootEmpty": false,
          "_timeout": 2000
        }
      ],
      "passes": [],
      "failures": [],
      "pending": [],
      "skipped": [],
      "duration": 0,
      "root": true,
      "rootEmpty": true,
      "_timeout": 2000
    },
    {
      "uuid": "36d67119-ee30-44cc-9549-21933ef779c6",
      "title": "",
      "fullFile": "cypress\\e2e\\Tests\\SideMenuTests\\SideMenuTests.cy.js",
      "file": "cypress\\e2e\\Tests\\SideMenuTests\\SideMenuTests.cy.js",
      "beforeHooks": [],
      "afterHooks": [],
      "tests": [],
      "suites": [
        {
          "uuid": "7826cb14-2d58-4a9a-8fb2-4d94745d3651",
          "title": "Side menu Tests",
          "fullFile": "",
          "file": "",
          "beforeHooks": [],
          "afterHooks": [],
          "tests": [
            {
              "title": "should open Dashboard page from SideMenu",
              "fullTitle": "Side menu Tests should open Dashboard page from SideMenu",
              "timedOut": null,
              "duration": 2806,
              "state": "passed",
              "speed": "fast",
              "pass": true,
              "fail": false,
              "pending": false,
              "context": null,
              "code": "_SideMenu.default.openDashboardSection();",
              "err": {},
              "uuid": "95918ffb-e485-46d4-9255-407657aebb00",
              "parentUUID": "7826cb14-2d58-4a9a-8fb2-4d94745d3651",
              "isHook": false,
              "skipped": false
            },
            {
              "title": "should open Companies page from SideMenu",
              "fullTitle": "Side menu Tests should open Companies page from SideMenu",
              "timedOut": null,
              "duration": 2226,
              "state": "passed",
              "speed": "fast",
              "pass": true,
              "fail": false,
              "pending": false,
              "context": null,
              "code": "_SideMenu.default.openCompaniesSection();",
              "err": {},
              "uuid": "f23536ce-e58a-4249-818c-f71c6aad1f05",
              "parentUUID": "7826cb14-2d58-4a9a-8fb2-4d94745d3651",
              "isHook": false,
              "skipped": false
            },
            {
              "title": "should open Contracts page from SideMenu",
              "fullTitle": "Side menu Tests should open Contracts page from SideMenu",
              "timedOut": null,
              "duration": 2263,
              "state": "passed",
              "speed": "fast",
              "pass": true,
              "fail": false,
              "pending": false,
              "context": null,
              "code": "_SideMenu.default.openContractsSection();",
              "err": {},
              "uuid": "18dbc03f-fb54-4d73-a484-86d2438f5692",
              "parentUUID": "7826cb14-2d58-4a9a-8fb2-4d94745d3651",
              "isHook": false,
              "skipped": false
            },
            {
              "title": "should open Employee page from SideMenu",
              "fullTitle": "Side menu Tests should open Employee page from SideMenu",
              "timedOut": null,
              "duration": 2236,
              "state": "passed",
              "speed": "fast",
              "pass": true,
              "fail": false,
              "pending": false,
              "context": null,
              "code": "_SideMenu.default.openEmployeesSection();",
              "err": {},
              "uuid": "2780198b-3267-4017-90c1-d68a08afa74c",
              "parentUUID": "7826cb14-2d58-4a9a-8fb2-4d94745d3651",
              "isHook": false,
              "skipped": false
            },
            {
              "title": "should open Docs page from SideMenu",
              "fullTitle": "Side menu Tests should open Docs page from SideMenu",
              "timedOut": null,
              "duration": 2106,
              "state": "passed",
              "speed": "fast",
              "pass": true,
              "fail": false,
              "pending": false,
              "context": null,
              "code": "_SideMenu.default.openDocsSection();",
              "err": {},
              "uuid": "54688bdd-369d-416a-bbb2-37cb4858ccf4",
              "parentUUID": "7826cb14-2d58-4a9a-8fb2-4d94745d3651",
              "isHook": false,
              "skipped": false
            },
            {
              "title": "should open Payroll Settings page from SideMenu",
              "fullTitle": "Side menu Tests should open Payroll Settings page from SideMenu",
              "timedOut": null,
              "duration": 2116,
              "state": "passed",
              "speed": "fast",
              "pass": true,
              "fail": false,
              "pending": false,
              "context": null,
              "code": "_SideMenu.default.openPayrollSettingsSection();",
              "err": {},
              "uuid": "03226536-6caf-4bf6-a356-0b6af977f054",
              "parentUUID": "7826cb14-2d58-4a9a-8fb2-4d94745d3651",
              "isHook": false,
              "skipped": false
            },
            {
              "title": "should open Users page from SideMenu",
              "fullTitle": "Side menu Tests should open Users page from SideMenu",
              "timedOut": null,
              "duration": 2285,
              "state": "passed",
              "speed": "fast",
              "pass": true,
              "fail": false,
              "pending": false,
              "context": null,
              "code": "_SideMenu.default.openUsersSection();",
              "err": {},
              "uuid": "54194f3d-310d-4875-a7ef-28df4b8518ed",
              "parentUUID": "7826cb14-2d58-4a9a-8fb2-4d94745d3651",
              "isHook": false,
              "skipped": false
            },
            {
              "title": "should open Blogs page from SideMenu",
              "fullTitle": "Side menu Tests should open Blogs page from SideMenu",
              "timedOut": null,
              "duration": 2112,
              "state": "passed",
              "speed": "fast",
              "pass": true,
              "fail": false,
              "pending": false,
              "context": null,
              "code": "_SideMenu.default.openBlogsSection();",
              "err": {},
              "uuid": "38d0fd4b-756c-47a5-bdcc-af6630d11161",
              "parentUUID": "7826cb14-2d58-4a9a-8fb2-4d94745d3651",
              "isHook": false,
              "skipped": false
            }
          ],
          "suites": [],
          "passes": [
            "95918ffb-e485-46d4-9255-407657aebb00",
            "f23536ce-e58a-4249-818c-f71c6aad1f05",
            "18dbc03f-fb54-4d73-a484-86d2438f5692",
            "2780198b-3267-4017-90c1-d68a08afa74c",
            "54688bdd-369d-416a-bbb2-37cb4858ccf4",
            "03226536-6caf-4bf6-a356-0b6af977f054",
            "54194f3d-310d-4875-a7ef-28df4b8518ed",
            "38d0fd4b-756c-47a5-bdcc-af6630d11161"
          ],
          "failures": [],
          "pending": [],
          "skipped": [],
          "duration": 18150,
          "root": false,
          "rootEmpty": false,
          "_timeout": 2000
        }
      ],
      "passes": [],
      "failures": [],
      "pending": [],
      "skipped": [],
      "duration": 0,
      "root": true,
      "rootEmpty": true,
      "_timeout": 2000
    },
    {
      "uuid": "5929878d-8d02-4ec0-b9eb-00e1ba9c2960",
      "title": "",
      "fullFile": "cypress\\e2e\\Tests\\UsersPageTests\\SuperAdminsTests\\SuperAdminsPageTests.cy.js",
      "file": "cypress\\e2e\\Tests\\UsersPageTests\\SuperAdminsTests\\SuperAdminsPageTests.cy.js",
      "beforeHooks": [],
      "afterHooks": [],
      "tests": [],
      "suites": [
        {
          "uuid": "f92efc3a-b400-436e-96d8-f0914ded3b27",
          "title": "Superadmins Page Tests",
          "fullFile": "",
          "file": "",
          "beforeHooks": [],
          "afterHooks": [],
          "tests": [
            {
              "title": "should go to superadmins page and check +Add new superadmin button",
              "fullTitle": "Superadmins Page Tests should go to superadmins page and check +Add new superadmin button",
              "timedOut": null,
              "duration": 3198,
              "state": "passed",
              "speed": "fast",
              "pass": true,
              "fail": false,
              "pending": false,
              "context": null,
              "code": "_SuperAdminsPage.default.superAdminsBtn();\n_AddNewSuperAdmin.default.assertAddNewSuperAdminBtn();",
              "err": {},
              "uuid": "ed8d5bdb-627b-48ea-afd2-d3d41b1c8c3d",
              "parentUUID": "f92efc3a-b400-436e-96d8-f0914ded3b27",
              "isHook": false,
              "skipped": false
            }
          ],
          "suites": [],
          "passes": [
            "ed8d5bdb-627b-48ea-afd2-d3d41b1c8c3d"
          ],
          "failures": [],
          "pending": [],
          "skipped": [],
          "duration": 3198,
          "root": false,
          "rootEmpty": false,
          "_timeout": 2000
        }
      ],
      "passes": [],
      "failures": [],
      "pending": [],
      "skipped": [],
      "duration": 0,
      "root": true,
      "rootEmpty": true,
      "_timeout": 2000
    },
    {
      "uuid": "d6bd14db-0e67-448c-b75a-dac629482cb4",
      "title": "",
      "fullFile": "cypress\\e2e\\Tests\\PayrollSettingsPageTests\\WageComponentsTests\\WageComponentsTests.cy.js",
      "file": "cypress\\e2e\\Tests\\PayrollSettingsPageTests\\WageComponentsTests\\WageComponentsTests.cy.js",
      "beforeHooks": [],
      "afterHooks": [],
      "tests": [],
      "suites": [
        {
          "uuid": "df324d99-8793-470e-ae8f-49fee3477d60",
          "title": "Wage Components Page Test",
          "fullFile": "",
          "file": "",
          "beforeHooks": [],
          "afterHooks": [],
          "tests": [
            {
              "title": "should can check if codes cuttons are visible",
              "fullTitle": "Wage Components Page Test should can check if codes cuttons are visible",
              "timedOut": null,
              "duration": 4633,
              "state": "passed",
              "speed": "fast",
              "pass": true,
              "fail": false,
              "pending": false,
              "context": null,
              "code": "_WageComponentsPage.default.goToWageComponents();\n_WageComponentsPage.default.checkSeviceCodes();\n_WageComponentsPage.default.checkCostDeclarationCodes();",
              "err": {},
              "uuid": "c081685a-ce00-4026-ab21-11972198d3a5",
              "parentUUID": "df324d99-8793-470e-ae8f-49fee3477d60",
              "isHook": false,
              "skipped": false
            }
          ],
          "suites": [],
          "passes": [
            "c081685a-ce00-4026-ab21-11972198d3a5"
          ],
          "failures": [],
          "pending": [],
          "skipped": [],
          "duration": 4633,
          "root": false,
          "rootEmpty": false,
          "_timeout": 2000
        }
      ],
      "passes": [],
      "failures": [],
      "pending": [],
      "skipped": [],
      "duration": 0,
      "root": true,
      "rootEmpty": true,
      "_timeout": 2000
    }
  ],
  "meta": {
    "mocha": {
      "version": "7.0.1"
    },
    "mochawesome": {
      "options": {
        "quiet": true,
        "reportFilename": "[status]_[name]",
        "saveHtml": false,
        "saveJson": true,
        "consoleReporter": "spec",
        "useInlineDiffs": false,
        "code": true
      },
      "version": "7.1.3"
    },
    "marge": {
      "options": {
        "id": "default",
        "reportDir": "cypress/reports/jsonReports",
        "reportFilename": "[status]_[name]",
        "quiet": true,
        "overwrite": false,
        "html": false,
        "json": true
      },
      "version": "6.2.0"
    }
  }
}